  {
    "id": 77,
    "created_at": "2026-06-07T19:19:20.977443+00:00",
    "tsoc_record_type": "soc_investigation_risk",
    "sid": "scheduler__admin__search__t8372_schtasks_at_1727841720.1",
    "search_name": "Sysmon: Suspicious Scheduled Task Creation (t8372)",
    "payload": {
      "sid": "scheduler__admin__search__t8372_schtasks_at_1727841720.1",
      "phase": "risk_context",
      "content": "Asset t8372-desktop-bruce: criticality=critical, risk_score=9. User NT AUTHORITY\\SYSTEM: risk_score=1, department=Infrastructure.",
      "raw_alert": {
        "sid": "scheduler__admin__search__t8372_schtasks_at_1727841720.1",
        "row_index": 0,
        "normalized": {
          "User": "NT AUTHORITY\\SYSTEM",
          "host": "DESKTOP-BRUCE",
          "user": "NT AUTHORITY\\SYSTEM",
          "Image": "C:\\Windows\\System32\\schtasks.exe",
          "_time": "2024-10-02T04:02:00Z",
          "index": "wineventlog",
          "sha256": "275a021bbfb6489e54d471899f7db9d1663fc695ec2fe2a2c4538aabf651fd0f",
          "source": "WinEventLog:Microsoft-Windows-Sysmon/Operational",
          "Computer": "DESKTOP-BRUCE",
          "severity": "high",
          "EventCode": "1",
          "signature": "Suspicious scheduled task for persistence",
          "sourcetype": "XmlWinEventLog:Microsoft-Windows-Sysmon/Operational",
          "CommandLine": "schtasks.exe /Create /TN \"MicrosoftEdgeUpdate\" /TR \"C:\\Users\\bwayne\\AppData\\Local\\Temp\\updater.exe\" /SC ONLOGON",
          "ParentImage": "C:\\Users\\bwayne\\AppData\\Local\\Temp\\updater.exe",
          "signature_id": "T1053.005"
        },
        "result_row": {
          "User": "NT AUTHORITY\\SYSTEM",
          "host": "DESKTOP-BRUCE",
          "user": "NT AUTHORITY\\SYSTEM",
          "Image": "C:\\Windows\\System32\\schtasks.exe",
          "_time": "2024-10-02T04:02:00Z",
          "index": "wineventlog",
          "sha256": "275a021bbfb6489e54d471899f7db9d1663fc695ec2fe2a2c4538aabf651fd0f",
          "source": "WinEventLog:Microsoft-Windows-Sysmon/Operational",
          "Computer": "DESKTOP-BRUCE",
          "severity": "high",
          "EventCode": "1",
          "signature": "Suspicious scheduled task for persistence",
          "sourcetype": "XmlWinEventLog:Microsoft-Windows-Sysmon/Operational",
          "CommandLine": "schtasks.exe /Create /TN \"MicrosoftEdgeUpdate\" /TR \"C:\\Users\\bwayne\\AppData\\Local\\Temp\\updater.exe\" /SC ONLOGON",
          "ParentImage": "C:\\Users\\bwayne\\AppData\\Local\\Temp\\updater.exe",
          "signature_id": "T1053.005"
        },
        "search_name": "Sysmon: Suspicious Scheduled Task Creation (t8372)",
        "splunk_results_row_count": 1
      },
      "row_index": 0,
      "stored_at": "2026-06-07T19:19:20.943998+00:00",
      "search_name": "Sysmon: Suspicious Scheduled Task Creation (t8372)",
      "analysis_output": {
        "triage": {
          "report": {
            "factors": [
              {
                "title": "Judge verdict",
                "explanation": "Original verdict 'needs_investigation' mapped to NEEDS_HUMAN_REVIEW.",
                "score_impact": null
              },
              {
                "title": "Review class base",
                "explanation": "Base queue weight for NEEDS HUMAN REVIEW.",
                "score_impact": 55
              },
              {
                "title": "Judge priority",
                "explanation": "Judge marked priority 'high'.",
                "score_impact": 10
              },
              {
                "title": "Inventory risk",
                "explanation": "Elevated user/asset risk_score from inventory.",
                "score_impact": 9
              },
              {
                "title": "Human review default",
                "explanation": "Inconclusive or escalated verdict — analyst validation required.",
                "score_impact": 8
              }
            ],
            "headline": "CRITICAL priority — NEEDS HUMAN REVIEW — score 82.",
            "why_verdict": "Judge verdict 'needs_investigation' is inconclusive, mixed, or needs_more_evidence — defaulting to NEEDS_HUMAN_REVIEW until an analyst validates the story.",
            "signal_notes": [],
            "why_priority": "Triage score 82/100 places this alert in the 'critical' band. NEEDS HUMAN REVIEW verdicts with higher Judge priority, inventory risk, and routing ambiguity score higher in the analyst queue.",
            "recommended_action": "Human review required before disposition — do not auto-close. Judge recommended: Run Splunk searches for Windows Task Scheduler creation (EventID 4698/106) and execution events for task \"MicrosoftEdgeUpdate\" on DESKTOP-BRUCE, and verify the content of C:\\Users\\bwayne\\AppData\\Local\\Temp\\updater.exe against the EICAR test file."
          },
          "signals": [],
          "mapped_from": {
            "judge.verdict": "needs_investigation",
            "judge.priority": "high",
            "judge.confidence": "medium",
            "review_verdict_raw": "NEEDS_HUMAN_REVIEW"
          },
          "source_track": "security",
          "triage_score": 82,
          "review_verdict": "NEEDS_HUMAN_REVIEW",
          "confidence_score": 0.65,
          "needs_human_review": true,
          "priority_rationale": "CRITICAL priority — NEEDS HUMAN REVIEW — score 82. Judge verdict 'needs_investigation' is inconclusive, mixed, or needs_more_evidence — defaulting to NEEDS_HUMAN_REVIEW until an analyst validates the story. Triage score 82/100 places this alert in the 'critical' band. NEEDS HUMAN REVIEW verdicts with higher Judge priority, inventory risk, and routing ambiguity score higher in the analyst queue. Judge rationale: Risk_context flags the asset as critical (risk_score=9) and the file hash is marked malicious by VirusTotal (66 detections). Hunter highlights the lack of follow‑up telemetry and recommends confirming task existence and execution. Defender offers a benign hypothesis (test file, legitimate Edge updater naming) but provides no evidence that the task actually ran. Because the malicious intel outweigh",
          "investigation_priority": "critical"
        },
        "summary": "Critical workstation DESKTOP-BRUCE shows a high‑severity scheduled‑task creation alert with a known malicious EICAR hash; no execution or network activity observed, and Defender suggests a benign test while Hunter calls for verification.",
        "verdict": "needs_investigation",
        "priority": "high",
        "rationale": "Risk_context flags the asset as critical (risk_score=9) and the file hash is marked malicious by VirusTotal (66 detections). Hunter highlights the lack of follow‑up telemetry and recommends confirming task existence and execution. Defender offers a benign hypothesis (test file, legitimate Edge updater naming) but provides no evidence that the task actually ran. Because the malicious intel outweighs the benign speculation yet execution evidence is missing, the safest course is to verify task creation and run status before any containment action.",
        "confidence": "medium",
        "triage_score": 82,
        "review_verdict": "NEEDS_HUMAN_REVIEW",
        "resolved_user_id": "NT AUTHORITY\\SYSTEM",
        "resolved_asset_id": "t8372-desktop-bruce",
        "needs_human_review": true,
        "recommended_next_step": "Run Splunk searches for Windows Task Scheduler creation (EventID 4698/106) and execution events for task \"MicrosoftEdgeUpdate\" on DESKTOP-BRUCE, and verify the content of C:\\Users\\bwayne\\AppData\\Local\\Temp\\updater.exe against the EICAR test file.",
        "investigation_priority": "critical",
        "triage_report_headline": "CRITICAL priority — NEEDS HUMAN REVIEW — score 82."
      },
      "tsoc_record_type": "soc_investigation_risk"
    },
    "row_index": 0
  },
  {
    "id": 78,
    "created_at": "2026-06-07T19:19:20.980841+00:00",
    "tsoc_record_type": "soc_investigation_threat_intel",
    "sid": "scheduler__admin__search__t8372_schtasks_at_1727841720.1",
    "search_name": "Sysmon: Suspicious Scheduled Task Creation (t8372)",
    "payload": {
      "sid": "scheduler__admin__search__t8372_schtasks_at_1727841720.1",
      "phase": "threat_intel",
      "content": {
        "iocs": [
          {
            "ioc": "275a021bbfb6489e54d471899f7db9d1663fc695ec2fe2a2c4538aabf651fd0f",
            "md5": "44d88612fea8a8f36de82e1278abb02f",
            "link": "https://www.virustotal.com/api/v3/files/275a021bbfb6489e54d471899f7db9d1663fc695ec2fe2a2c4538aabf651fd0f",
            "sha1": "3395856ce81f2b7382dee72602f798b642f14140",
            "tags": [
              "long-sleeps",
              "idle",
              "attachment",
              "via-tor",
              "known-distributor",
              "direct-cpu-clock-access",
              "detect-debug-environment"
            ],
            "vt_id": "275a021bbfb6489e54d471899f7db9d1663fc695ec2fe2a2c4538aabf651fd0f",
            "sha256": "275a021bbfb6489e54d471899f7db9d1663fc695ec2fe2a2c4538aabf651fd0f",
            "verdict": "malicious",
            "vt_type": "file",
            "ioc_type": "file_hash",
            "reputation": 3744,
            "total_votes": {
              "harmless": 2277,
              "malicious": 410
            },
            "meaningful_name": "eicar.com-33004",
            "type_description": "Powershell",
            "last_analysis_date": 1780859201,
            "last_analysis_stats": {
              "failure": 0,
              "timeout": 0,
              "harmless": 0,
              "malicious": 66,
              "suspicious": 0,
              "undetected": 2,
              "type-unsupported": 7,
              "confirmed-timeout": 0
            }
          }
        ],
        "note": "VirusTotal: 1 IOC hit(s) (1 malicious) included in analysis context.",
        "source": "virustotal",
        "status": "ok",
        "findings": [
          {
            "ioc": "275a021bbfb6489e54d471899f7db9d1663fc695ec2fe2a2c4538aabf651fd0f",
            "tags": [
              "long-sleeps",
              "idle",
              "attachment",
              "via-tor",
              "known-distributor"
            ],
            "vt_id": "275a021bbfb6489e54d471899f7db9d1663fc695ec2fe2a2c4538aabf651fd0f",
            "verdict": "malicious",
            "vt_type": "file",
            "ioc_type": "file_hash",
            "reputation": 3744,
            "total_votes": {
              "harmless": 2277,
              "malicious": 410
            },
            "last_analysis_stats": {
              "failure": 0,
              "timeout": 0,
              "harmless": 0,
              "malicious": 66,
              "suspicious": 0,
              "undetected": 2,
              "type-unsupported": 7,
              "confirmed-timeout": 0
            }
          }
        ],
        "checked_ioc_count": 1
      },
      "raw_alert": {
        "sid": "scheduler__admin__search__t8372_schtasks_at_1727841720.1",
        "row_index": 0,
        "normalized": {
          "User": "NT AUTHORITY\\SYSTEM",
          "host": "DESKTOP-BRUCE",
          "user": "NT AUTHORITY\\SYSTEM",
          "Image": "C:\\Windows\\System32\\schtasks.exe",
          "_time": "2024-10-02T04:02:00Z",
          "index": "wineventlog",
          "sha256": "275a021bbfb6489e54d471899f7db9d1663fc695ec2fe2a2c4538aabf651fd0f",
          "source": "WinEventLog:Microsoft-Windows-Sysmon/Operational",
          "Computer": "DESKTOP-BRUCE",
          "severity": "high",
          "EventCode": "1",
          "signature": "Suspicious scheduled task for persistence",
          "sourcetype": "XmlWinEventLog:Microsoft-Windows-Sysmon/Operational",
          "CommandLine": "schtasks.exe /Create /TN \"MicrosoftEdgeUpdate\" /TR \"C:\\Users\\bwayne\\AppData\\Local\\Temp\\updater.exe\" /SC ONLOGON",
          "ParentImage": "C:\\Users\\bwayne\\AppData\\Local\\Temp\\updater.exe",
          "signature_id": "T1053.005"
        },
        "result_row": {
          "User": "NT AUTHORITY\\SYSTEM",
          "host": "DESKTOP-BRUCE",
          "user": "NT AUTHORITY\\SYSTEM",
          "Image": "C:\\Windows\\System32\\schtasks.exe",
          "_time": "2024-10-02T04:02:00Z",
          "index": "wineventlog",
          "sha256": "275a021bbfb6489e54d471899f7db9d1663fc695ec2fe2a2c4538aabf651fd0f",
          "source": "WinEventLog:Microsoft-Windows-Sysmon/Operational",
          "Computer": "DESKTOP-BRUCE",
          "severity": "high",
          "EventCode": "1",
          "signature": "Suspicious scheduled task for persistence",
          "sourcetype": "XmlWinEventLog:Microsoft-Windows-Sysmon/Operational",
          "CommandLine": "schtasks.exe /Create /TN \"MicrosoftEdgeUpdate\" /TR \"C:\\Users\\bwayne\\AppData\\Local\\Temp\\updater.exe\" /SC ONLOGON",
          "ParentImage": "C:\\Users\\bwayne\\AppData\\Local\\Temp\\updater.exe",
          "signature_id": "T1053.005"
        },
        "search_name": "Sysmon: Suspicious Scheduled Task Creation (t8372)",
        "splunk_results_row_count": 1
      },
      "row_index": 0,
      "stored_at": "2026-06-07T19:19:20.943998+00:00",
      "search_name": "Sysmon: Suspicious Scheduled Task Creation (t8372)",
      "analysis_output": {
        "triage": {
          "report": {
            "factors": [
              {
                "title": "Judge verdict",
                "explanation": "Original verdict 'needs_investigation' mapped to NEEDS_HUMAN_REVIEW.",
                "score_impact": null
              },
              {
                "title": "Review class base",
                "explanation": "Base queue weight for NEEDS HUMAN REVIEW.",
                "score_impact": 55
              },
              {
                "title": "Judge priority",
                "explanation": "Judge marked priority 'high'.",
                "score_impact": 10
              },
              {
                "title": "Inventory risk",
                "explanation": "Elevated user/asset risk_score from inventory.",
                "score_impact": 9
              },
              {
                "title": "Human review default",
                "explanation": "Inconclusive or escalated verdict — analyst validation required.",
                "score_impact": 8
              }
            ],
            "headline": "CRITICAL priority — NEEDS HUMAN REVIEW — score 82.",
            "why_verdict": "Judge verdict 'needs_investigation' is inconclusive, mixed, or needs_more_evidence — defaulting to NEEDS_HUMAN_REVIEW until an analyst validates the story.",
            "signal_notes": [],
            "why_priority": "Triage score 82/100 places this alert in the 'critical' band. NEEDS HUMAN REVIEW verdicts with higher Judge priority, inventory risk, and routing ambiguity score higher in the analyst queue.",
            "recommended_action": "Human review required before disposition — do not auto-close. Judge recommended: Run Splunk searches for Windows Task Scheduler creation (EventID 4698/106) and execution events for task \"MicrosoftEdgeUpdate\" on DESKTOP-BRUCE, and verify the content of C:\\Users\\bwayne\\AppData\\Local\\Temp\\updater.exe against the EICAR test file."
          },
          "signals": [],
          "mapped_from": {
            "judge.verdict": "needs_investigation",
            "judge.priority": "high",
            "judge.confidence": "medium",
            "review_verdict_raw": "NEEDS_HUMAN_REVIEW"
          },
          "source_track": "security",
          "triage_score": 82,
          "review_verdict": "NEEDS_HUMAN_REVIEW",
          "confidence_score": 0.65,
          "needs_human_review": true,
          "priority_rationale": "CRITICAL priority — NEEDS HUMAN REVIEW — score 82. Judge verdict 'needs_investigation' is inconclusive, mixed, or needs_more_evidence — defaulting to NEEDS_HUMAN_REVIEW until an analyst validates the story. Triage score 82/100 places this alert in the 'critical' band. NEEDS HUMAN REVIEW verdicts with higher Judge priority, inventory risk, and routing ambiguity score higher in the analyst queue. Judge rationale: Risk_context flags the asset as critical (risk_score=9) and the file hash is marked malicious by VirusTotal (66 detections). Hunter highlights the lack of follow‑up telemetry and recommends confirming task existence and execution. Defender offers a benign hypothesis (test file, legitimate Edge updater naming) but provides no evidence that the task actually ran. Because the malicious intel outweigh",
          "investigation_priority": "critical"
        },
        "summary": "Critical workstation DESKTOP-BRUCE shows a high‑severity scheduled‑task creation alert with a known malicious EICAR hash; no execution or network activity observed, and Defender suggests a benign test while Hunter calls for verification.",
        "verdict": "needs_investigation",
        "priority": "high",
        "rationale": "Risk_context flags the asset as critical (risk_score=9) and the file hash is marked malicious by VirusTotal (66 detections). Hunter highlights the lack of follow‑up telemetry and recommends confirming task existence and execution. Defender offers a benign hypothesis (test file, legitimate Edge updater naming) but provides no evidence that the task actually ran. Because the malicious intel outweighs the benign speculation yet execution evidence is missing, the safest course is to verify task creation and run status before any containment action.",
        "confidence": "medium",
        "triage_score": 82,
        "review_verdict": "NEEDS_HUMAN_REVIEW",
        "resolved_user_id": "NT AUTHORITY\\SYSTEM",
        "resolved_asset_id": "t8372-desktop-bruce",
        "needs_human_review": true,
        "recommended_next_step": "Run Splunk searches for Windows Task Scheduler creation (EventID 4698/106) and execution events for task \"MicrosoftEdgeUpdate\" on DESKTOP-BRUCE, and verify the content of C:\\Users\\bwayne\\AppData\\Local\\Temp\\updater.exe against the EICAR test file.",
        "investigation_priority": "critical",
        "triage_report_headline": "CRITICAL priority — NEEDS HUMAN REVIEW — score 82."
      },
      "tsoc_record_type": "soc_investigation_threat_intel"
    },
    "row_index": 0
  },
  {
    "id": 79,
    "created_at": "2026-06-07T19:19:20.984555+00:00",
    "tsoc_record_type": "soc_investigation_summary",
    "sid": "scheduler__admin__search__t8372_schtasks_at_1727841720.1",
    "search_name": "Sysmon: Suspicious Scheduled Task Creation (t8372)",
    "payload": {
      "sid": "scheduler__admin__search__t8372_schtasks_at_1727841720.1",
      "phase": "summary",
      "content": "Critical workstation DESKTOP-BRUCE shows a high‑severity scheduled‑task creation alert with a known malicious EICAR hash; no execution or network activity observed, and Defender suggests a benign test while Hunter calls for verification.",
      "raw_alert": {
        "sid": "scheduler__admin__search__t8372_schtasks_at_1727841720.1",
        "row_index": 0,
        "normalized": {
          "User": "NT AUTHORITY\\SYSTEM",
          "host": "DESKTOP-BRUCE",
          "user": "NT AUTHORITY\\SYSTEM",
          "Image": "C:\\Windows\\System32\\schtasks.exe",
          "_time": "2024-10-02T04:02:00Z",
          "index": "wineventlog",
          "sha256": "275a021bbfb6489e54d471899f7db9d1663fc695ec2fe2a2c4538aabf651fd0f",
          "source": "WinEventLog:Microsoft-Windows-Sysmon/Operational",
          "Computer": "DESKTOP-BRUCE",
          "severity": "high",
          "EventCode": "1",
          "signature": "Suspicious scheduled task for persistence",
          "sourcetype": "XmlWinEventLog:Microsoft-Windows-Sysmon/Operational",
          "CommandLine": "schtasks.exe /Create /TN \"MicrosoftEdgeUpdate\" /TR \"C:\\Users\\bwayne\\AppData\\Local\\Temp\\updater.exe\" /SC ONLOGON",
          "ParentImage": "C:\\Users\\bwayne\\AppData\\Local\\Temp\\updater.exe",
          "signature_id": "T1053.005"
        },
        "result_row": {
          "User": "NT AUTHORITY\\SYSTEM",
          "host": "DESKTOP-BRUCE",
          "user": "NT AUTHORITY\\SYSTEM",
          "Image": "C:\\Windows\\System32\\schtasks.exe",
          "_time": "2024-10-02T04:02:00Z",
          "index": "wineventlog",
          "sha256": "275a021bbfb6489e54d471899f7db9d1663fc695ec2fe2a2c4538aabf651fd0f",
          "source": "WinEventLog:Microsoft-Windows-Sysmon/Operational",
          "Computer": "DESKTOP-BRUCE",
          "severity": "high",
          "EventCode": "1",
          "signature": "Suspicious scheduled task for persistence",
          "sourcetype": "XmlWinEventLog:Microsoft-Windows-Sysmon/Operational",
          "CommandLine": "schtasks.exe /Create /TN \"MicrosoftEdgeUpdate\" /TR \"C:\\Users\\bwayne\\AppData\\Local\\Temp\\updater.exe\" /SC ONLOGON",
          "ParentImage": "C:\\Users\\bwayne\\AppData\\Local\\Temp\\updater.exe",
          "signature_id": "T1053.005"
        },
        "search_name": "Sysmon: Suspicious Scheduled Task Creation (t8372)",
        "splunk_results_row_count": 1
      },
      "row_index": 0,
      "stored_at": "2026-06-07T19:19:20.943998+00:00",
      "search_name": "Sysmon: Suspicious Scheduled Task Creation (t8372)",
      "analysis_output": {
        "triage": {
          "report": {
            "factors": [
              {
                "title": "Judge verdict",
                "explanation": "Original verdict 'needs_investigation' mapped to NEEDS_HUMAN_REVIEW.",
                "score_impact": null
              },
              {
                "title": "Review class base",
                "explanation": "Base queue weight for NEEDS HUMAN REVIEW.",
                "score_impact": 55
              },
              {
                "title": "Judge priority",
                "explanation": "Judge marked priority 'high'.",
                "score_impact": 10
              },
              {
                "title": "Inventory risk",
                "explanation": "Elevated user/asset risk_score from inventory.",
                "score_impact": 9
              },
              {
                "title": "Human review default",
                "explanation": "Inconclusive or escalated verdict — analyst validation required.",
                "score_impact": 8
              }
            ],
            "headline": "CRITICAL priority — NEEDS HUMAN REVIEW — score 82.",
            "why_verdict": "Judge verdict 'needs_investigation' is inconclusive, mixed, or needs_more_evidence — defaulting to NEEDS_HUMAN_REVIEW until an analyst validates the story.",
            "signal_notes": [],
            "why_priority": "Triage score 82/100 places this alert in the 'critical' band. NEEDS HUMAN REVIEW verdicts with higher Judge priority, inventory risk, and routing ambiguity score higher in the analyst queue.",
            "recommended_action": "Human review required before disposition — do not auto-close. Judge recommended: Run Splunk searches for Windows Task Scheduler creation (EventID 4698/106) and execution events for task \"MicrosoftEdgeUpdate\" on DESKTOP-BRUCE, and verify the content of C:\\Users\\bwayne\\AppData\\Local\\Temp\\updater.exe against the EICAR test file."
          },
          "signals": [],
          "mapped_from": {
            "judge.verdict": "needs_investigation",
            "judge.priority": "high",
            "judge.confidence": "medium",
            "review_verdict_raw": "NEEDS_HUMAN_REVIEW"
          },
          "source_track": "security",
          "triage_score": 82,
          "review_verdict": "NEEDS_HUMAN_REVIEW",
          "confidence_score": 0.65,
          "needs_human_review": true,
          "priority_rationale": "CRITICAL priority — NEEDS HUMAN REVIEW — score 82. Judge verdict 'needs_investigation' is inconclusive, mixed, or needs_more_evidence — defaulting to NEEDS_HUMAN_REVIEW until an analyst validates the story. Triage score 82/100 places this alert in the 'critical' band. NEEDS HUMAN REVIEW verdicts with higher Judge priority, inventory risk, and routing ambiguity score higher in the analyst queue. Judge rationale: Risk_context flags the asset as critical (risk_score=9) and the file hash is marked malicious by VirusTotal (66 detections). Hunter highlights the lack of follow‑up telemetry and recommends confirming task existence and execution. Defender offers a benign hypothesis (test file, legitimate Edge updater naming) but provides no evidence that the task actually ran. Because the malicious intel outweigh",
          "investigation_priority": "critical"
        },
        "summary": "Critical workstation DESKTOP-BRUCE shows a high‑severity scheduled‑task creation alert with a known malicious EICAR hash; no execution or network activity observed, and Defender suggests a benign test while Hunter calls for verification.",
        "verdict": "needs_investigation",
        "priority": "high",
        "rationale": "Risk_context flags the asset as critical (risk_score=9) and the file hash is marked malicious by VirusTotal (66 detections). Hunter highlights the lack of follow‑up telemetry and recommends confirming task existence and execution. Defender offers a benign hypothesis (test file, legitimate Edge updater naming) but provides no evidence that the task actually ran. Because the malicious intel outweighs the benign speculation yet execution evidence is missing, the safest course is to verify task creation and run status before any containment action.",
        "confidence": "medium",
        "triage_score": 82,
        "review_verdict": "NEEDS_HUMAN_REVIEW",
        "resolved_user_id": "NT AUTHORITY\\SYSTEM",
        "resolved_asset_id": "t8372-desktop-bruce",
        "needs_human_review": true,
        "recommended_next_step": "Run Splunk searches for Windows Task Scheduler creation (EventID 4698/106) and execution events for task \"MicrosoftEdgeUpdate\" on DESKTOP-BRUCE, and verify the content of C:\\Users\\bwayne\\AppData\\Local\\Temp\\updater.exe against the EICAR test file.",
        "investigation_priority": "critical",
        "triage_report_headline": "CRITICAL priority — NEEDS HUMAN REVIEW — score 82."
      },
      "tsoc_record_type": "soc_investigation_summary"
    },
    "row_index": 0
  },
  {
    "id": 80,
    "created_at": "2026-06-07T19:19:20.987865+00:00",
    "tsoc_record_type": "soc_investigation_evidence_chain",
    "sid": "scheduler__admin__search__t8372_schtasks_at_1727841720.1",
    "search_name": "Sysmon: Suspicious Scheduled Task Creation (t8372)",
    "payload": {
      "sid": "scheduler__admin__search__t8372_schtasks_at_1727841720.1",
      "phase": "evidence_chain",
      "content": {
        "trace": {
          "evidence_refs_count": 16,
          "analysis_input_alert_fields_count": 18
        },
        "request": {
          "sid": "scheduler__admin__search__t8372_schtasks_at_1727841720.1",
          "row_index": 0,
          "search_name": "Sysmon: Suspicious Scheduled Task Creation (t8372)"
        },
        "decision": {
          "verdict": "needs_investigation",
          "priority": "high",
          "triage_score": 82,
          "needs_human_review": true,
          "recommended_next_step": "Run Splunk searches for Windows Task Scheduler creation (EventID 4698/106) and execution events for task \"MicrosoftEdgeUpdate\" on DESKTOP-BRUCE, and verify the content of C:\\Users\\bwayne\\AppData\\Local\\Temp\\updater.exe against the EICAR test file.",
          "investigation_priority": "critical",
          "admin_org_gap_suggested": true
        },
        "data_sources": {
          "resolved_user_id": "NT AUTHORITY\\SYSTEM",
          "resolved_asset_id": "t8372-desktop-bruce",
          "threat_intel_present": true,
          "splunk_results_row_count": 1,
          "selected_result_row_present": true,
          "similar_alert_context_present": true
        },
        "reasoning_path": {
          "analysis_path": "langgraph",
          "judge_mcp_used": true,
          "hunter_mcp_used": true,
          "investigation_questions_count": 4,
          "investigation_spl_error_count": 0,
          "investigation_spl_executed_ok_count": 4
        }
      },
      "raw_alert": {
        "sid": "scheduler__admin__search__t8372_schtasks_at_1727841720.1",
        "row_index": 0,
        "normalized": {
          "User": "NT AUTHORITY\\SYSTEM",
          "host": "DESKTOP-BRUCE",
          "user": "NT AUTHORITY\\SYSTEM",
          "Image": "C:\\Windows\\System32\\schtasks.exe",
          "_time": "2024-10-02T04:02:00Z",
          "index": "wineventlog",
          "sha256": "275a021bbfb6489e54d471899f7db9d1663fc695ec2fe2a2c4538aabf651fd0f",
          "source": "WinEventLog:Microsoft-Windows-Sysmon/Operational",
          "Computer": "DESKTOP-BRUCE",
          "severity": "high",
          "EventCode": "1",
          "signature": "Suspicious scheduled task for persistence",
          "sourcetype": "XmlWinEventLog:Microsoft-Windows-Sysmon/Operational",
          "CommandLine": "schtasks.exe /Create /TN \"MicrosoftEdgeUpdate\" /TR \"C:\\Users\\bwayne\\AppData\\Local\\Temp\\updater.exe\" /SC ONLOGON",
          "ParentImage": "C:\\Users\\bwayne\\AppData\\Local\\Temp\\updater.exe",
          "signature_id": "T1053.005"
        },
        "result_row": {
          "User": "NT AUTHORITY\\SYSTEM",
          "host": "DESKTOP-BRUCE",
          "user": "NT AUTHORITY\\SYSTEM",
          "Image": "C:\\Windows\\System32\\schtasks.exe",
          "_time": "2024-10-02T04:02:00Z",
          "index": "wineventlog",
          "sha256": "275a021bbfb6489e54d471899f7db9d1663fc695ec2fe2a2c4538aabf651fd0f",
          "source": "WinEventLog:Microsoft-Windows-Sysmon/Operational",
          "Computer": "DESKTOP-BRUCE",
          "severity": "high",
          "EventCode": "1",
          "signature": "Suspicious scheduled task for persistence",
          "sourcetype": "XmlWinEventLog:Microsoft-Windows-Sysmon/Operational",
          "CommandLine": "schtasks.exe /Create /TN \"MicrosoftEdgeUpdate\" /TR \"C:\\Users\\bwayne\\AppData\\Local\\Temp\\updater.exe\" /SC ONLOGON",
          "ParentImage": "C:\\Users\\bwayne\\AppData\\Local\\Temp\\updater.exe",
          "signature_id": "T1053.005"
        },
        "search_name": "Sysmon: Suspicious Scheduled Task Creation (t8372)",
        "splunk_results_row_count": 1
      },
      "row_index": 0,
      "stored_at": "2026-06-07T19:19:20.943998+00:00",
      "search_name": "Sysmon: Suspicious Scheduled Task Creation (t8372)",
      "analysis_output": {
        "triage": {
          "report": {
            "factors": [
              {
                "title": "Judge verdict",
                "explanation": "Original verdict 'needs_investigation' mapped to NEEDS_HUMAN_REVIEW.",
                "score_impact": null
              },
              {
                "title": "Review class base",
                "explanation": "Base queue weight for NEEDS HUMAN REVIEW.",
                "score_impact": 55
              },
              {
                "title": "Judge priority",
                "explanation": "Judge marked priority 'high'.",
                "score_impact": 10
              },
              {
                "title": "Inventory risk",
                "explanation": "Elevated user/asset risk_score from inventory.",
                "score_impact": 9
              },
              {
                "title": "Human review default",
                "explanation": "Inconclusive or escalated verdict — analyst validation required.",
                "score_impact": 8
              }
            ],
            "headline": "CRITICAL priority — NEEDS HUMAN REVIEW — score 82.",
            "why_verdict": "Judge verdict 'needs_investigation' is inconclusive, mixed, or needs_more_evidence — defaulting to NEEDS_HUMAN_REVIEW until an analyst validates the story.",
            "signal_notes": [],
            "why_priority": "Triage score 82/100 places this alert in the 'critical' band. NEEDS HUMAN REVIEW verdicts with higher Judge priority, inventory risk, and routing ambiguity score higher in the analyst queue.",
            "recommended_action": "Human review required before disposition — do not auto-close. Judge recommended: Run Splunk searches for Windows Task Scheduler creation (EventID 4698/106) and execution events for task \"MicrosoftEdgeUpdate\" on DESKTOP-BRUCE, and verify the content of C:\\Users\\bwayne\\AppData\\Local\\Temp\\updater.exe against the EICAR test file."
          },
          "signals": [],
          "mapped_from": {
            "judge.verdict": "needs_investigation",
            "judge.priority": "high",
            "judge.confidence": "medium",
            "review_verdict_raw": "NEEDS_HUMAN_REVIEW"
          },
          "source_track": "security",
          "triage_score": 82,
          "review_verdict": "NEEDS_HUMAN_REVIEW",
          "confidence_score": 0.65,
          "needs_human_review": true,
          "priority_rationale": "CRITICAL priority — NEEDS HUMAN REVIEW — score 82. Judge verdict 'needs_investigation' is inconclusive, mixed, or needs_more_evidence — defaulting to NEEDS_HUMAN_REVIEW until an analyst validates the story. Triage score 82/100 places this alert in the 'critical' band. NEEDS HUMAN REVIEW verdicts with higher Judge priority, inventory risk, and routing ambiguity score higher in the analyst queue. Judge rationale: Risk_context flags the asset as critical (risk_score=9) and the file hash is marked malicious by VirusTotal (66 detections). Hunter highlights the lack of follow‑up telemetry and recommends confirming task existence and execution. Defender offers a benign hypothesis (test file, legitimate Edge updater naming) but provides no evidence that the task actually ran. Because the malicious intel outweigh",
          "investigation_priority": "critical"
        },
        "summary": "Critical workstation DESKTOP-BRUCE shows a high‑severity scheduled‑task creation alert with a known malicious EICAR hash; no execution or network activity observed, and Defender suggests a benign test while Hunter calls for verification.",
        "verdict": "needs_investigation",
        "priority": "high",
        "rationale": "Risk_context flags the asset as critical (risk_score=9) and the file hash is marked malicious by VirusTotal (66 detections). Hunter highlights the lack of follow‑up telemetry and recommends confirming task existence and execution. Defender offers a benign hypothesis (test file, legitimate Edge updater naming) but provides no evidence that the task actually ran. Because the malicious intel outweighs the benign speculation yet execution evidence is missing, the safest course is to verify task creation and run status before any containment action.",
        "confidence": "medium",
        "triage_score": 82,
        "review_verdict": "NEEDS_HUMAN_REVIEW",
        "resolved_user_id": "NT AUTHORITY\\SYSTEM",
        "resolved_asset_id": "t8372-desktop-bruce",
        "needs_human_review": true,
        "recommended_next_step": "Run Splunk searches for Windows Task Scheduler creation (EventID 4698/106) and execution events for task \"MicrosoftEdgeUpdate\" on DESKTOP-BRUCE, and verify the content of C:\\Users\\bwayne\\AppData\\Local\\Temp\\updater.exe against the EICAR test file.",
        "investigation_priority": "critical",
        "triage_report_headline": "CRITICAL priority — NEEDS HUMAN REVIEW — score 82."
      },
      "tsoc_record_type": "soc_investigation_evidence_chain"
    },
    "row_index": 0
  },
