  {
    "id": 7,
    "created_at": "2026-06-07T18:35:47.186652+00:00",
    "tsoc_record_type": "soc_investigation_alert_fields",
    "sid": "REPLACE_WITH_SPLUNK_JOB_SID",
    "search_name": "Suspicious Process - osk.exe Sysmon EID 1 (botsv1)",
    "payload": {
      "sid": "REPLACE_WITH_SPLUNK_JOB_SID",
      "phase": "alert_fields",
      "content": {
        "tag": [
          "endpoint",
          "process",
          "sysmon"
        ],
        "User": "NT AUTHORITY\\SYSTEM",
        "host": "we8105desk",
        "user": "SYSTEM",
        "Image": "C:\\Windows\\System32\\osk.exe",
        "_time": "2018-08-20T21:09:41.000-07:00",
        "index": "botsv1",
        "domain": "pastebin.com",
        "source": "WinEventLog:Microsoft-Windows-Sysmon/Operational",
        "Computer": "we8105desk",
        "severity": "high",
        "EventCode": "1",
        "row_index": 0,
        "signature": "On-Screen Keyboard (osk.exe) launched — possible LOLBAS / credential access",
        "sourcetype": "XmlWinEventLog:Microsoft-Windows-Sysmon/Operational",
        "CommandLine": "C:\\Windows\\System32\\osk.exe",
        "ParentImage": "C:\\Windows\\System32\\WindowsPowerShell\\v1.0\\powershell.exe",
        "orig_search": "index=botsv1 source=\"WinEventLog:Microsoft-Windows-Sysmon/Operational\" host=we8105desk EventCode=1 Image=*osk.exe | stats values(CommandLine) by Computer,User, Image, ParentImage ParentCommandLine",
        "search_name": "Suspicious Process - osk.exe Sysmon EID 1 (botsv1)",
        "signature_id": "T1218",
        "ParentCommandLine": "powershell.exe -NoProfile -ExecutionPolicy Bypass -File C:\\Users\\Public\\invoke.ps1"
      },
      "raw_alert": {
        "sid": "REPLACE_WITH_SPLUNK_JOB_SID",
        "row_index": 0,
        "normalized": {
          "tag": [
            "endpoint",
            "process",
            "sysmon"
          ],
          "User": "NT AUTHORITY\\SYSTEM",
          "host": "we8105desk",
          "user": "SYSTEM",
          "Image": "C:\\Windows\\System32\\osk.exe",
          "_time": "2018-08-20T21:09:41.000-07:00",
          "index": "botsv1",
          "domain": "pastebin.com",
          "source": "WinEventLog:Microsoft-Windows-Sysmon/Operational",
          "Computer": "we8105desk",
          "severity": "high",
          "EventCode": "1",
          "signature": "On-Screen Keyboard (osk.exe) launched — possible LOLBAS / credential access",
          "sourcetype": "XmlWinEventLog:Microsoft-Windows-Sysmon/Operational",
          "CommandLine": "C:\\Windows\\System32\\osk.exe",
          "ParentImage": "C:\\Windows\\System32\\WindowsPowerShell\\v1.0\\powershell.exe",
          "orig_search": "index=botsv1 source=\"WinEventLog:Microsoft-Windows-Sysmon/Operational\" host=we8105desk EventCode=1 Image=*osk.exe | stats values(CommandLine) by Computer,User, Image, ParentImage ParentCommandLine",
          "signature_id": "T1218",
          "ParentCommandLine": "powershell.exe -NoProfile -ExecutionPolicy Bypass -File C:\\Users\\Public\\invoke.ps1"
        },
        "result_row": {
          "tag": [
            "endpoint",
            "process",
            "sysmon"
          ],
          "User": "NT AUTHORITY\\SYSTEM",
          "host": "we8105desk",
          "user": "SYSTEM",
          "Image": "C:\\Windows\\System32\\osk.exe",
          "_time": "2018-08-20T21:09:41.000-07:00",
          "index": "botsv1",
          "domain": "pastebin.com",
          "source": "WinEventLog:Microsoft-Windows-Sysmon/Operational",
          "Computer": "we8105desk",
          "severity": "high",
          "EventCode": "1",
          "signature": "On-Screen Keyboard (osk.exe) launched — possible LOLBAS / credential access",
          "sourcetype": "XmlWinEventLog:Microsoft-Windows-Sysmon/Operational",
          "CommandLine": "C:\\Windows\\System32\\osk.exe",
          "ParentImage": "C:\\Windows\\System32\\WindowsPowerShell\\v1.0\\powershell.exe",
          "orig_search": "index=botsv1 source=\"WinEventLog:Microsoft-Windows-Sysmon/Operational\" host=we8105desk EventCode=1 Image=*osk.exe | stats values(CommandLine) by Computer,User, Image, ParentImage ParentCommandLine",
          "signature_id": "T1218",
          "ParentCommandLine": "powershell.exe -NoProfile -ExecutionPolicy Bypass -File C:\\Users\\Public\\invoke.ps1"
        },
        "search_name": "Suspicious Process - osk.exe Sysmon EID 1 (botsv1)",
        "splunk_results_row_count": 1
      },
      "row_index": 0,
      "stored_at": "2026-06-07T18:35:47.181637+00:00",
      "search_name": "Suspicious Process - osk.exe Sysmon EID 1 (botsv1)",
      "analysis_output": {
        "triage": {
          "report": {
            "factors": [
              {
                "title": "Judge verdict",
                "explanation": "Original verdict 'needs_investigation' mapped to NEEDS_HUMAN_REVIEW.",
                "score_impact": null
              },
              {
                "title": "Review class base",
                "explanation": "Base queue weight for NEEDS HUMAN REVIEW.",
                "score_impact": 55
              },
              {
                "title": "Judge priority",
                "explanation": "Judge marked priority 'high'.",
                "score_impact": 10
              },
              {
                "title": "Inventory risk",
                "explanation": "Elevated user/asset risk_score from inventory.",
                "score_impact": 8
              },
              {
                "title": "Human review default",
                "explanation": "Inconclusive or escalated verdict — analyst validation required.",
                "score_impact": 8
              }
            ],
            "headline": "CRITICAL priority — NEEDS HUMAN REVIEW — score 81.",
            "why_verdict": "Judge verdict 'needs_investigation' is inconclusive, mixed, or needs_more_evidence — defaulting to NEEDS_HUMAN_REVIEW until an analyst validates the story.",
            "signal_notes": [],
            "why_priority": "Triage score 81/100 places this alert in the 'critical' band. NEEDS HUMAN REVIEW verdicts with higher Judge priority, inventory risk, and routing ambiguity score higher in the analyst queue.",
            "recommended_action": "Human review required before disposition — do not auto-close. Judge recommended: Query the host for any scheduled task or change‑management entry that launched the PowerShell command (including full ParentCommandLine) and compute the hash of C:\\Users\\Public\\invoke.ps1 to compare against approved baselines."
          },
          "signals": [],
          "mapped_from": {
            "judge.verdict": "needs_investigation",
            "judge.priority": "high",
            "judge.confidence": "medium",
            "review_verdict_raw": "NEEDS_HUMAN_REVIEW"
          },
          "source_track": "security",
          "triage_score": 81,
          "review_verdict": "NEEDS_HUMAN_REVIEW",
          "confidence_score": 0.65,
          "needs_human_review": true,
          "priority_rationale": "CRITICAL priority — NEEDS HUMAN REVIEW — score 81. Judge verdict 'needs_investigation' is inconclusive, mixed, or needs_more_evidence — defaulting to NEEDS_HUMAN_REVIEW until an analyst validates the story. Triage score 81/100 places this alert in the 'critical' band. NEEDS HUMAN REVIEW verdicts with higher Judge priority, inventory risk, and routing ambiguity score higher in the analyst queue. Judge rationale: Risk_context flags the asset as critical (risk_score=8) and the alert as high severity (T1218). Defender points out the single event, harmless pastebin.com, and suggests legitimate admin automation; Hunter highlights the LOLBAS usage, SYSTEM account, and public script as suspicious. Mixed live evidence (only 2 SYSTEM events, no child processes) does not confirm either view. The decisive factor is ",
          "investigation_priority": "critical"
        },
        "summary": "Critical workstation we8105desk showed a single osk.exe launch (LOLBAS) under SYSTEM via PowerShell invoking a public script; threat intel is clean but the combination of high severity signature and SYSTEM context raises suspicion, while lack of follow‑up activity and benign IOC suggest possible legit admin task.",
        "verdict": "needs_investigation",
        "priority": "high",
        "rationale": "Risk_context flags the asset as critical (risk_score=8) and the alert as high severity (T1218). Defender points out the single event, harmless pastebin.com, and suggests legitimate admin automation; Hunter highlights the LOLBAS usage, SYSTEM account, and public script as suspicious. Mixed live evidence (only 2 SYSTEM events, no child processes) does not confirm either view. The decisive factor is whether the PowerShell launch was authorized via a scheduled task or change request, so the next step focuses on verifying that context and script integrity.",
        "confidence": "medium",
        "triage_score": 81,
        "review_verdict": "NEEDS_HUMAN_REVIEW",
        "resolved_user_id": "SYSTEM",
        "resolved_asset_id": "botsv1-we8105desk",
        "needs_human_review": true,
        "recommended_next_step": "Query the host for any scheduled task or change‑management entry that launched the PowerShell command (including full ParentCommandLine) and compute the hash of C:\\Users\\Public\\invoke.ps1 to compare against approved baselines.",
        "investigation_priority": "critical",
        "triage_report_headline": "CRITICAL priority — NEEDS HUMAN REVIEW — score 81."
      },
      "tsoc_record_type": "soc_investigation_alert_fields"
    },
    "row_index": 0
  },
  {
    "id": 8,
    "created_at": "2026-06-07T18:35:47.190326+00:00",
    "tsoc_record_type": "soc_investigation_defender",
    "sid": "REPLACE_WITH_SPLUNK_JOB_SID",
    "search_name": "Suspicious Process - osk.exe Sysmon EID 1 (botsv1)",
    "payload": {
      "sid": "REPLACE_WITH_SPLUNK_JOB_SID",
      "phase": "defender",
      "content": "- Alternate: osk.exe is a built‑in accessibility binary; it can be invoked by legitimate admin scripts (e.g., UI automation, remote assistance) and often runs under SYSTEM via scheduled tasks.\n- Contextual benign cue: Parent PowerShell command uses `-ExecutionPolicy Bypass` and points to a script in `C:\\Users\\Public\\invoke.ps1`. Public folder scripts are commonly used for internal deployment or maintenance tooling.\n- Weak signal: Only a single Sysmon EventID 1 is observed. No subsequent process tree, network connections, credential‑dumping activity, or repeated launches on the host.\n- Minimal checks: (1) Query the change‑management system for a ticket or approval that references `invoke.ps1` on host `we8105desk`; (2) Compute the hash of `C:\\Users\\Public\\invoke.ps1` and compare it to a known‑good baseline or approved script repository; (3) Verify that the `osk.exe` launch time aligns with a scheduled maintenance window.\n- Threat intel note: The only IOC (`pastebin.com`) is classified as “harmless” by VirusTotal, so its presence alone does not prove malicious intent.\n- Would elevate to malicious if: (a) additional child processes show credential‑access behavior (e.g., LSASS dump, Mimikatz); (b) network traffic from the host to a low‑reputation or malicious endpoint appears shortly after the launch; (c) multiple osk.exe launches are observed across hosts without corresponding tickets.",
      "raw_alert": {
        "sid": "REPLACE_WITH_SPLUNK_JOB_SID",
        "row_index": 0,
        "normalized": {
          "tag": [
            "endpoint",
            "process",
            "sysmon"
          ],
          "User": "NT AUTHORITY\\SYSTEM",
          "host": "we8105desk",
          "user": "SYSTEM",
          "Image": "C:\\Windows\\System32\\osk.exe",
          "_time": "2018-08-20T21:09:41.000-07:00",
          "index": "botsv1",
          "domain": "pastebin.com",
          "source": "WinEventLog:Microsoft-Windows-Sysmon/Operational",
          "Computer": "we8105desk",
          "severity": "high",
          "EventCode": "1",
          "signature": "On-Screen Keyboard (osk.exe) launched — possible LOLBAS / credential access",
          "sourcetype": "XmlWinEventLog:Microsoft-Windows-Sysmon/Operational",
          "CommandLine": "C:\\Windows\\System32\\osk.exe",
          "ParentImage": "C:\\Windows\\System32\\WindowsPowerShell\\v1.0\\powershell.exe",
          "orig_search": "index=botsv1 source=\"WinEventLog:Microsoft-Windows-Sysmon/Operational\" host=we8105desk EventCode=1 Image=*osk.exe | stats values(CommandLine) by Computer,User, Image, ParentImage ParentCommandLine",
          "signature_id": "T1218",
          "ParentCommandLine": "powershell.exe -NoProfile -ExecutionPolicy Bypass -File C:\\Users\\Public\\invoke.ps1"
        },
        "result_row": {
          "tag": [
            "endpoint",
            "process",
            "sysmon"
          ],
          "User": "NT AUTHORITY\\SYSTEM",
          "host": "we8105desk",
          "user": "SYSTEM",
          "Image": "C:\\Windows\\System32\\osk.exe",
          "_time": "2018-08-20T21:09:41.000-07:00",
          "index": "botsv1",
          "domain": "pastebin.com",
          "source": "WinEventLog:Microsoft-Windows-Sysmon/Operational",
          "Computer": "we8105desk",
          "severity": "high",
          "EventCode": "1",
          "signature": "On-Screen Keyboard (osk.exe) launched — possible LOLBAS / credential access",
          "sourcetype": "XmlWinEventLog:Microsoft-Windows-Sysmon/Operational",
          "CommandLine": "C:\\Windows\\System32\\osk.exe",
          "ParentImage": "C:\\Windows\\System32\\WindowsPowerShell\\v1.0\\powershell.exe",
          "orig_search": "index=botsv1 source=\"WinEventLog:Microsoft-Windows-Sysmon/Operational\" host=we8105desk EventCode=1 Image=*osk.exe | stats values(CommandLine) by Computer,User, Image, ParentImage ParentCommandLine",
          "signature_id": "T1218",
          "ParentCommandLine": "powershell.exe -NoProfile -ExecutionPolicy Bypass -File C:\\Users\\Public\\invoke.ps1"
        },
        "search_name": "Suspicious Process - osk.exe Sysmon EID 1 (botsv1)",
        "splunk_results_row_count": 1
      },
      "row_index": 0,
      "stored_at": "2026-06-07T18:35:47.181637+00:00",
      "search_name": "Suspicious Process - osk.exe Sysmon EID 1 (botsv1)",
      "analysis_output": {
        "triage": {
          "report": {
            "factors": [
              {
                "title": "Judge verdict",
                "explanation": "Original verdict 'needs_investigation' mapped to NEEDS_HUMAN_REVIEW.",
                "score_impact": null
              },
              {
                "title": "Review class base",
                "explanation": "Base queue weight for NEEDS HUMAN REVIEW.",
                "score_impact": 55
              },
              {
                "title": "Judge priority",
                "explanation": "Judge marked priority 'high'.",
                "score_impact": 10
              },
              {
                "title": "Inventory risk",
                "explanation": "Elevated user/asset risk_score from inventory.",
                "score_impact": 8
              },
              {
                "title": "Human review default",
                "explanation": "Inconclusive or escalated verdict — analyst validation required.",
                "score_impact": 8
              }
            ],
            "headline": "CRITICAL priority — NEEDS HUMAN REVIEW — score 81.",
            "why_verdict": "Judge verdict 'needs_investigation' is inconclusive, mixed, or needs_more_evidence — defaulting to NEEDS_HUMAN_REVIEW until an analyst validates the story.",
            "signal_notes": [],
            "why_priority": "Triage score 81/100 places this alert in the 'critical' band. NEEDS HUMAN REVIEW verdicts with higher Judge priority, inventory risk, and routing ambiguity score higher in the analyst queue.",
            "recommended_action": "Human review required before disposition — do not auto-close. Judge recommended: Query the host for any scheduled task or change‑management entry that launched the PowerShell command (including full ParentCommandLine) and compute the hash of C:\\Users\\Public\\invoke.ps1 to compare against approved baselines."
          },
          "signals": [],
          "mapped_from": {
            "judge.verdict": "needs_investigation",
            "judge.priority": "high",
            "judge.confidence": "medium",
            "review_verdict_raw": "NEEDS_HUMAN_REVIEW"
          },
          "source_track": "security",
          "triage_score": 81,
          "review_verdict": "NEEDS_HUMAN_REVIEW",
          "confidence_score": 0.65,
          "needs_human_review": true,
          "priority_rationale": "CRITICAL priority — NEEDS HUMAN REVIEW — score 81. Judge verdict 'needs_investigation' is inconclusive, mixed, or needs_more_evidence — defaulting to NEEDS_HUMAN_REVIEW until an analyst validates the story. Triage score 81/100 places this alert in the 'critical' band. NEEDS HUMAN REVIEW verdicts with higher Judge priority, inventory risk, and routing ambiguity score higher in the analyst queue. Judge rationale: Risk_context flags the asset as critical (risk_score=8) and the alert as high severity (T1218). Defender points out the single event, harmless pastebin.com, and suggests legitimate admin automation; Hunter highlights the LOLBAS usage, SYSTEM account, and public script as suspicious. Mixed live evidence (only 2 SYSTEM events, no child processes) does not confirm either view. The decisive factor is ",
          "investigation_priority": "critical"
        },
        "summary": "Critical workstation we8105desk showed a single osk.exe launch (LOLBAS) under SYSTEM via PowerShell invoking a public script; threat intel is clean but the combination of high severity signature and SYSTEM context raises suspicion, while lack of follow‑up activity and benign IOC suggest possible legit admin task.",
        "verdict": "needs_investigation",
        "priority": "high",
        "rationale": "Risk_context flags the asset as critical (risk_score=8) and the alert as high severity (T1218). Defender points out the single event, harmless pastebin.com, and suggests legitimate admin automation; Hunter highlights the LOLBAS usage, SYSTEM account, and public script as suspicious. Mixed live evidence (only 2 SYSTEM events, no child processes) does not confirm either view. The decisive factor is whether the PowerShell launch was authorized via a scheduled task or change request, so the next step focuses on verifying that context and script integrity.",
        "confidence": "medium",
        "triage_score": 81,
        "review_verdict": "NEEDS_HUMAN_REVIEW",
        "resolved_user_id": "SYSTEM",
        "resolved_asset_id": "botsv1-we8105desk",
        "needs_human_review": true,
        "recommended_next_step": "Query the host for any scheduled task or change‑management entry that launched the PowerShell command (including full ParentCommandLine) and compute the hash of C:\\Users\\Public\\invoke.ps1 to compare against approved baselines.",
        "investigation_priority": "critical",
        "triage_report_headline": "CRITICAL priority — NEEDS HUMAN REVIEW — score 81."
      },
      "tsoc_record_type": "soc_investigation_defender"
    },
    "row_index": 0
  },
  {
    "id": 9,
    "created_at": "2026-06-07T18:35:47.194350+00:00",
    "tsoc_record_type": "soc_investigation_hunter",
    "sid": "REPLACE_WITH_SPLUNK_JOB_SID",
    "search_name": "Suspicious Process - osk.exe Sysmon EID 1 (botsv1)",
    "payload": {
      "sid": "REPLACE_WITH_SPLUNK_JOB_SID",
      "phase": "hunter",
      "content": {
        "narrative": "The alert shows osk.exe (a known LOLBAS) launched by a PowerShell process that executed a script from C:\\Users\\Public\\invoke.ps1. It ran under the SYSTEM account on a critical workstation (we8105desk) at 2018-08-20 21:09:41. Although VirusTotal marks the referenced domain (pastebin.com) as harmless, the combination of a high‑severity signature (T1218), SYSTEM context, and a public‑folder script is suspicious. Live query evidence shows the host has many successful network‑share actions (Administrator) and 53 SYSTEM‑originating events, but no direct follow‑up activity is yet visible. To determine intent we should (1) enumerate all osk.exe executions and their parent chains, (2) hunt for any other runs of the same invoke.ps1 script, (3) investigate post‑launch network traffic or DNS lookups to pastebin.com, (4) check for scheduled‑task persistence that may have triggered the PowerShell command, and (5) correlate child processes of osk.exe for credential‑access behavior. These steps will either confirm a benign admin task or expose lateral movement/credential dumping.",
        "mcp_evidence": {
          "notes": [],
          "hunt_queries": [
            {
              "error": null,
              "query": "search index=* host=\"we8105desk\" | stats count by user, signature, action | head 15",
              "summary": "[{\"user\": \"ANONYMOUS LOGON\", \"signature\": \"A network share object was accessed\", \"action\": \"success\", \"count\": \"15\"}, {\"user\": \"ANONYMOUS LOGON\", \"signature\": \"An account was logged off\", \"action\": \"success\", \"count\": \"17\"}, {\"user\": \"ANONYMOUS LOGON\", \"signature\": \"An account was successfully logged on\", \"action\": \"success\", \"count\": \"18\"}, {\"user\": \"Administrator\", \"signature\": \"A network share object was accessed\", \"action\": \"success\", \"count\": \"1516\"}, {\"user\": \"Administrator\", \"signature\": \"A network share object was checked to see whether client can be granted desired access\", \"action\": \"success\", \"count\": \"2294\"}]",
              "row_count": 15
            },
            {
              "error": null,
              "query": "search index=* (user=\"SYSTEM\" OR src_user=\"SYSTEM\") | stats count by host, action | head 15",
              "summary": "[{\"host\": \"we8105desk\", \"action\": \"success\", \"count\": \"53\"}, {\"host\": \"we9041srv\", \"action\": \"success\", \"count\": \"4\"}]",
              "row_count": 2
            }
          ],
          "tools_called": [
            "splunk_get_metadata:sourcetypes",
            "splunk_run_query",
            "splunk_run_query"
          ],
          "metadata_sourcetypes": []
        },
        "splunk_search_suggestions": [
          "search index=* sourcetype=\"XmlWinEventLog:Microsoft-Windows-Sysmon/Operational\" EventCode=1 Image=\"*\\\\osk.exe\" | stats count by host, _time, ParentImage, ParentCommandLine",
          "search index=* sourcetype=\"XmlWinEventLog:Microsoft-Windows-Sysmon/Operational\" Image=\"*\\\\powershell.exe\" CommandLine=\"*invoke.ps1*\" | stats count by host, user, _time, ParentImage, ParentCommandLine",
          "search index=* sourcetype=\"XmlWinEventLog:Microsoft-Windows-TaskScheduler/Operational\" EventCode=106 EventMessage=\"*osk.exe*\" | stats count by host, user, _time",
          "search index=* sourcetype=\"dns\" query=\"pastebin.com\" | stats count by host, _time, src_ip",
          "search index=* (sourcetype=\"*netflow*\" OR sourcetype=\"*bro*\" OR sourcetype=\"*zeek*\") host=we8105desk | where _time >= relative_time(\"2018-08-20T21:09:41.000-07:00\",\"+5m\") | stats count by dest_ip, dest_port, protocol, _time"
        ]
      },
      "raw_alert": {
        "sid": "REPLACE_WITH_SPLUNK_JOB_SID",
        "row_index": 0,
        "normalized": {
          "tag": [
            "endpoint",
            "process",
            "sysmon"
          ],
          "User": "NT AUTHORITY\\SYSTEM",
          "host": "we8105desk",
          "user": "SYSTEM",
          "Image": "C:\\Windows\\System32\\osk.exe",
          "_time": "2018-08-20T21:09:41.000-07:00",
          "index": "botsv1",
          "domain": "pastebin.com",
          "source": "WinEventLog:Microsoft-Windows-Sysmon/Operational",
          "Computer": "we8105desk",
          "severity": "high",
          "EventCode": "1",
          "signature": "On-Screen Keyboard (osk.exe) launched — possible LOLBAS / credential access",
          "sourcetype": "XmlWinEventLog:Microsoft-Windows-Sysmon/Operational",
          "CommandLine": "C:\\Windows\\System32\\osk.exe",
          "ParentImage": "C:\\Windows\\System32\\WindowsPowerShell\\v1.0\\powershell.exe",
          "orig_search": "index=botsv1 source=\"WinEventLog:Microsoft-Windows-Sysmon/Operational\" host=we8105desk EventCode=1 Image=*osk.exe | stats values(CommandLine) by Computer,User, Image, ParentImage ParentCommandLine",
          "signature_id": "T1218",
          "ParentCommandLine": "powershell.exe -NoProfile -ExecutionPolicy Bypass -File C:\\Users\\Public\\invoke.ps1"
        },
        "result_row": {
          "tag": [
            "endpoint",
            "process",
            "sysmon"
          ],
          "User": "NT AUTHORITY\\SYSTEM",
          "host": "we8105desk",
          "user": "SYSTEM",
          "Image": "C:\\Windows\\System32\\osk.exe",
          "_time": "2018-08-20T21:09:41.000-07:00",
          "index": "botsv1",
          "domain": "pastebin.com",
          "source": "WinEventLog:Microsoft-Windows-Sysmon/Operational",
          "Computer": "we8105desk",
          "severity": "high",
          "EventCode": "1",
          "signature": "On-Screen Keyboard (osk.exe) launched — possible LOLBAS / credential access",
          "sourcetype": "XmlWinEventLog:Microsoft-Windows-Sysmon/Operational",
          "CommandLine": "C:\\Windows\\System32\\osk.exe",
          "ParentImage": "C:\\Windows\\System32\\WindowsPowerShell\\v1.0\\powershell.exe",
          "orig_search": "index=botsv1 source=\"WinEventLog:Microsoft-Windows-Sysmon/Operational\" host=we8105desk EventCode=1 Image=*osk.exe | stats values(CommandLine) by Computer,User, Image, ParentImage ParentCommandLine",
          "signature_id": "T1218",
          "ParentCommandLine": "powershell.exe -NoProfile -ExecutionPolicy Bypass -File C:\\Users\\Public\\invoke.ps1"
        },
        "search_name": "Suspicious Process - osk.exe Sysmon EID 1 (botsv1)",
        "splunk_results_row_count": 1
      },
      "row_index": 0,
      "stored_at": "2026-06-07T18:35:47.181637+00:00",
      "search_name": "Suspicious Process - osk.exe Sysmon EID 1 (botsv1)",
      "analysis_output": {
        "triage": {
          "report": {
            "factors": [
              {
                "title": "Judge verdict",
                "explanation": "Original verdict 'needs_investigation' mapped to NEEDS_HUMAN_REVIEW.",
                "score_impact": null
              },
              {
                "title": "Review class base",
                "explanation": "Base queue weight for NEEDS HUMAN REVIEW.",
                "score_impact": 55
              },
              {
                "title": "Judge priority",
                "explanation": "Judge marked priority 'high'.",
                "score_impact": 10
              },
              {
                "title": "Inventory risk",
                "explanation": "Elevated user/asset risk_score from inventory.",
                "score_impact": 8
              },
              {
                "title": "Human review default",
                "explanation": "Inconclusive or escalated verdict — analyst validation required.",
                "score_impact": 8
              }
            ],
            "headline": "CRITICAL priority — NEEDS HUMAN REVIEW — score 81.",
            "why_verdict": "Judge verdict 'needs_investigation' is inconclusive, mixed, or needs_more_evidence — defaulting to NEEDS_HUMAN_REVIEW until an analyst validates the story.",
            "signal_notes": [],
            "why_priority": "Triage score 81/100 places this alert in the 'critical' band. NEEDS HUMAN REVIEW verdicts with higher Judge priority, inventory risk, and routing ambiguity score higher in the analyst queue.",
            "recommended_action": "Human review required before disposition — do not auto-close. Judge recommended: Query the host for any scheduled task or change‑management entry that launched the PowerShell command (including full ParentCommandLine) and compute the hash of C:\\Users\\Public\\invoke.ps1 to compare against approved baselines."
          },
          "signals": [],
          "mapped_from": {
            "judge.verdict": "needs_investigation",
            "judge.priority": "high",
            "judge.confidence": "medium",
            "review_verdict_raw": "NEEDS_HUMAN_REVIEW"
          },
          "source_track": "security",
          "triage_score": 81,
          "review_verdict": "NEEDS_HUMAN_REVIEW",
          "confidence_score": 0.65,
          "needs_human_review": true,
          "priority_rationale": "CRITICAL priority — NEEDS HUMAN REVIEW — score 81. Judge verdict 'needs_investigation' is inconclusive, mixed, or needs_more_evidence — defaulting to NEEDS_HUMAN_REVIEW until an analyst validates the story. Triage score 81/100 places this alert in the 'critical' band. NEEDS HUMAN REVIEW verdicts with higher Judge priority, inventory risk, and routing ambiguity score higher in the analyst queue. Judge rationale: Risk_context flags the asset as critical (risk_score=8) and the alert as high severity (T1218). Defender points out the single event, harmless pastebin.com, and suggests legitimate admin automation; Hunter highlights the LOLBAS usage, SYSTEM account, and public script as suspicious. Mixed live evidence (only 2 SYSTEM events, no child processes) does not confirm either view. The decisive factor is ",
          "investigation_priority": "critical"
        },
        "summary": "Critical workstation we8105desk showed a single osk.exe launch (LOLBAS) under SYSTEM via PowerShell invoking a public script; threat intel is clean but the combination of high severity signature and SYSTEM context raises suspicion, while lack of follow‑up activity and benign IOC suggest possible legit admin task.",
        "verdict": "needs_investigation",
        "priority": "high",
        "rationale": "Risk_context flags the asset as critical (risk_score=8) and the alert as high severity (T1218). Defender points out the single event, harmless pastebin.com, and suggests legitimate admin automation; Hunter highlights the LOLBAS usage, SYSTEM account, and public script as suspicious. Mixed live evidence (only 2 SYSTEM events, no child processes) does not confirm either view. The decisive factor is whether the PowerShell launch was authorized via a scheduled task or change request, so the next step focuses on verifying that context and script integrity.",
        "confidence": "medium",
        "triage_score": 81,
        "review_verdict": "NEEDS_HUMAN_REVIEW",
        "resolved_user_id": "SYSTEM",
        "resolved_asset_id": "botsv1-we8105desk",
        "needs_human_review": true,
        "recommended_next_step": "Query the host for any scheduled task or change‑management entry that launched the PowerShell command (including full ParentCommandLine) and compute the hash of C:\\Users\\Public\\invoke.ps1 to compare against approved baselines.",
        "investigation_priority": "critical",
        "triage_report_headline": "CRITICAL priority — NEEDS HUMAN REVIEW — score 81."
      },
      "tsoc_record_type": "soc_investigation_hunter"
    },
    "row_index": 0
  },
