          "EventCode": "1",
          "signature": "On-Screen Keyboard (osk.exe) launched — possible LOLBAS / credential access",
          "sourcetype": "XmlWinEventLog:Microsoft-Windows-Sysmon/Operational",
          "CommandLine": "C:\\Windows\\System32\\osk.exe",
          "ParentImage": "C:\\Windows\\System32\\WindowsPowerShell\\v1.0\\powershell.exe",
          "orig_search": "index=botsv1 source=\"WinEventLog:Microsoft-Windows-Sysmon/Operational\" host=we8105desk EventCode=1 Image=*osk.exe | stats values(CommandLine) by Computer,User, Image, ParentImage ParentCommandLine",
          "signature_id": "T1218",
          "ParentCommandLine": "powershell.exe -NoProfile -ExecutionPolicy Bypass -File C:\\Users\\Public\\invoke.ps1"
        },
        "search_name": "Suspicious Process - osk.exe Sysmon EID 1 (botsv1)",
        "splunk_results_row_count": 1
      },
      "row_index": 0,
      "stored_at": "2026-06-07T18:35:47.181637+00:00",
      "search_name": "Suspicious Process - osk.exe Sysmon EID 1 (botsv1)",
      "analysis_output": {
        "triage": {
          "report": {
            "factors": [
              {
                "title": "Judge verdict",
                "explanation": "Original verdict 'needs_investigation' mapped to NEEDS_HUMAN_REVIEW.",
                "score_impact": null
              },
              {
                "title": "Review class base",
                "explanation": "Base queue weight for NEEDS HUMAN REVIEW.",
                "score_impact": 55
              },
              {
                "title": "Judge priority",
                "explanation": "Judge marked priority 'high'.",
                "score_impact": 10
              },
              {
                "title": "Inventory risk",
                "explanation": "Elevated user/asset risk_score from inventory.",
                "score_impact": 8
              },
              {
                "title": "Human review default",
                "explanation": "Inconclusive or escalated verdict — analyst validation required.",
                "score_impact": 8
              }
            ],
            "headline": "CRITICAL priority — NEEDS HUMAN REVIEW — score 81.",
            "why_verdict": "Judge verdict 'needs_investigation' is inconclusive, mixed, or needs_more_evidence — defaulting to NEEDS_HUMAN_REVIEW until an analyst validates the story.",
            "signal_notes": [],
            "why_priority": "Triage score 81/100 places this alert in the 'critical' band. NEEDS HUMAN REVIEW verdicts with higher Judge priority, inventory risk, and routing ambiguity score higher in the analyst queue.",
            "recommended_action": "Human review required before disposition — do not auto-close. Judge recommended: Query the host for any scheduled task or change‑management entry that launched the PowerShell command (including full ParentCommandLine) and compute the hash of C:\\Users\\Public\\invoke.ps1 to compare against approved baselines."
          },
          "signals": [],
          "mapped_from": {
            "judge.verdict": "needs_investigation",
            "judge.priority": "high",
            "judge.confidence": "medium",
            "review_verdict_raw": "NEEDS_HUMAN_REVIEW"
          },
          "source_track": "security",
          "triage_score": 81,
          "review_verdict": "NEEDS_HUMAN_REVIEW",
          "confidence_score": 0.65,
          "needs_human_review": true,
          "priority_rationale": "CRITICAL priority — NEEDS HUMAN REVIEW — score 81. Judge verdict 'needs_investigation' is inconclusive, mixed, or needs_more_evidence — defaulting to NEEDS_HUMAN_REVIEW until an analyst validates the story. Triage score 81/100 places this alert in the 'critical' band. NEEDS HUMAN REVIEW verdicts with higher Judge priority, inventory risk, and routing ambiguity score higher in the analyst queue. Judge rationale: Risk_context flags the asset as critical (risk_score=8) and the alert as high severity (T1218). Defender points out the single event, harmless pastebin.com, and suggests legitimate admin automation; Hunter highlights the LOLBAS usage, SYSTEM account, and public script as suspicious. Mixed live evidence (only 2 SYSTEM events, no child processes) does not confirm either view. The decisive factor is ",
          "investigation_priority": "critical"
        },
        "summary": "Critical workstation we8105desk showed a single osk.exe launch (LOLBAS) under SYSTEM via PowerShell invoking a public script; threat intel is clean but the combination of high severity signature and SYSTEM context raises suspicion, while lack of follow‑up activity and benign IOC suggest possible legit admin task.",
        "verdict": "needs_investigation",
        "priority": "high",
        "rationale": "Risk_context flags the asset as critical (risk_score=8) and the alert as high severity (T1218). Defender points out the single event, harmless pastebin.com, and suggests legitimate admin automation; Hunter highlights the LOLBAS usage, SYSTEM account, and public script as suspicious. Mixed live evidence (only 2 SYSTEM events, no child processes) does not confirm either view. The decisive factor is whether the PowerShell launch was authorized via a scheduled task or change request, so the next step focuses on verifying that context and script integrity.",
        "confidence": "medium",
        "triage_score": 81,
        "review_verdict": "NEEDS_HUMAN_REVIEW",
        "resolved_user_id": "SYSTEM",
        "resolved_asset_id": "botsv1-we8105desk",
        "needs_human_review": true,
        "recommended_next_step": "Query the host for any scheduled task or change‑management entry that launched the PowerShell command (including full ParentCommandLine) and compute the hash of C:\\Users\\Public\\invoke.ps1 to compare against approved baselines.",
        "investigation_priority": "critical",
        "triage_report_headline": "CRITICAL priority — NEEDS HUMAN REVIEW — score 81."
      },
      "tsoc_record_type": "soc_investigation_questions"
    },
    "row_index": 0
  },
  {
    "id": 12,
    "created_at": "2026-06-07T18:35:47.215472+00:00",
    "tsoc_record_type": "soc_investigation_framework",
    "sid": "REPLACE_WITH_SPLUNK_JOB_SID",
    "search_name": "Suspicious Process - osk.exe Sysmon EID 1 (botsv1)",
    "payload": {
      "sid": "REPLACE_WITH_SPLUNK_JOB_SID",
      "phase": "framework_mapping",
      "content": [
        {
          "id": "T1218",
          "name": "Signed Binary Proxy Execution",
          "framework": "MITRE ATT&CK",
          "rationale": "The alert's signature_id is T1218 and the signature notes \"On-Screen Keyboard (osk.exe) launched — possible LOLBAS / credential access\", indicating use of a signed Windows binary to proxy malicious activity.",
          "confidence": "high"
        },
        {
          "id": "KC-4",
          "name": "Exploitation",
          "framework": "Cyber Kill Chain",
          "rationale": "Launching osk.exe (a legitimate binary) via PowerShell to potentially harvest credentials reflects exploitation of a trusted binary, matching the Exploitation phase of the kill chain.",
          "confidence": "low"
        }
      ],
      "raw_alert": {
        "sid": "REPLACE_WITH_SPLUNK_JOB_SID",
        "row_index": 0,
        "normalized": {
          "tag": [
            "endpoint",
            "process",
            "sysmon"
          ],
          "User": "NT AUTHORITY\\SYSTEM",
          "host": "we8105desk",
          "user": "SYSTEM",
          "Image": "C:\\Windows\\System32\\osk.exe",
          "_time": "2018-08-20T21:09:41.000-07:00",
          "index": "botsv1",
          "domain": "pastebin.com",
          "source": "WinEventLog:Microsoft-Windows-Sysmon/Operational",
          "Computer": "we8105desk",
          "severity": "high",
          "EventCode": "1",
          "signature": "On-Screen Keyboard (osk.exe) launched — possible LOLBAS / credential access",
          "sourcetype": "XmlWinEventLog:Microsoft-Windows-Sysmon/Operational",
          "CommandLine": "C:\\Windows\\System32\\osk.exe",
          "ParentImage": "C:\\Windows\\System32\\WindowsPowerShell\\v1.0\\powershell.exe",
          "orig_search": "index=botsv1 source=\"WinEventLog:Microsoft-Windows-Sysmon/Operational\" host=we8105desk EventCode=1 Image=*osk.exe | stats values(CommandLine) by Computer,User, Image, ParentImage ParentCommandLine",
          "signature_id": "T1218",
          "ParentCommandLine": "powershell.exe -NoProfile -ExecutionPolicy Bypass -File C:\\Users\\Public\\invoke.ps1"
        },
        "result_row": {
          "tag": [
            "endpoint",
            "process",
            "sysmon"
          ],
          "User": "NT AUTHORITY\\SYSTEM",
          "host": "we8105desk",
          "user": "SYSTEM",
          "Image": "C:\\Windows\\System32\\osk.exe",
          "_time": "2018-08-20T21:09:41.000-07:00",
          "index": "botsv1",
          "domain": "pastebin.com",
          "source": "WinEventLog:Microsoft-Windows-Sysmon/Operational",
          "Computer": "we8105desk",
          "severity": "high",
          "EventCode": "1",
          "signature": "On-Screen Keyboard (osk.exe) launched — possible LOLBAS / credential access",
          "sourcetype": "XmlWinEventLog:Microsoft-Windows-Sysmon/Operational",
          "CommandLine": "C:\\Windows\\System32\\osk.exe",
          "ParentImage": "C:\\Windows\\System32\\WindowsPowerShell\\v1.0\\powershell.exe",
          "orig_search": "index=botsv1 source=\"WinEventLog:Microsoft-Windows-Sysmon/Operational\" host=we8105desk EventCode=1 Image=*osk.exe | stats values(CommandLine) by Computer,User, Image, ParentImage ParentCommandLine",
          "signature_id": "T1218",
          "ParentCommandLine": "powershell.exe -NoProfile -ExecutionPolicy Bypass -File C:\\Users\\Public\\invoke.ps1"
        },
        "search_name": "Suspicious Process - osk.exe Sysmon EID 1 (botsv1)",
        "splunk_results_row_count": 1
      },
      "row_index": 0,
      "stored_at": "2026-06-07T18:35:47.181637+00:00",
      "search_name": "Suspicious Process - osk.exe Sysmon EID 1 (botsv1)",
      "analysis_output": {
        "triage": {
          "report": {
            "factors": [
              {
                "title": "Judge verdict",
                "explanation": "Original verdict 'needs_investigation' mapped to NEEDS_HUMAN_REVIEW.",
                "score_impact": null
              },
              {
                "title": "Review class base",
                "explanation": "Base queue weight for NEEDS HUMAN REVIEW.",
                "score_impact": 55
              },
              {
                "title": "Judge priority",
                "explanation": "Judge marked priority 'high'.",
                "score_impact": 10
              },
              {
                "title": "Inventory risk",
                "explanation": "Elevated user/asset risk_score from inventory.",
                "score_impact": 8
              },
              {
                "title": "Human review default",
                "explanation": "Inconclusive or escalated verdict — analyst validation required.",
                "score_impact": 8
              }
            ],
            "headline": "CRITICAL priority — NEEDS HUMAN REVIEW — score 81.",
            "why_verdict": "Judge verdict 'needs_investigation' is inconclusive, mixed, or needs_more_evidence — defaulting to NEEDS_HUMAN_REVIEW until an analyst validates the story.",
            "signal_notes": [],
            "why_priority": "Triage score 81/100 places this alert in the 'critical' band. NEEDS HUMAN REVIEW verdicts with higher Judge priority, inventory risk, and routing ambiguity score higher in the analyst queue.",
            "recommended_action": "Human review required before disposition — do not auto-close. Judge recommended: Query the host for any scheduled task or change‑management entry that launched the PowerShell command (including full ParentCommandLine) and compute the hash of C:\\Users\\Public\\invoke.ps1 to compare against approved baselines."
          },
          "signals": [],
          "mapped_from": {
            "judge.verdict": "needs_investigation",
            "judge.priority": "high",
            "judge.confidence": "medium",
            "review_verdict_raw": "NEEDS_HUMAN_REVIEW"
          },
          "source_track": "security",
          "triage_score": 81,
          "review_verdict": "NEEDS_HUMAN_REVIEW",
          "confidence_score": 0.65,
          "needs_human_review": true,
          "priority_rationale": "CRITICAL priority — NEEDS HUMAN REVIEW — score 81. Judge verdict 'needs_investigation' is inconclusive, mixed, or needs_more_evidence — defaulting to NEEDS_HUMAN_REVIEW until an analyst validates the story. Triage score 81/100 places this alert in the 'critical' band. NEEDS HUMAN REVIEW verdicts with higher Judge priority, inventory risk, and routing ambiguity score higher in the analyst queue. Judge rationale: Risk_context flags the asset as critical (risk_score=8) and the alert as high severity (T1218). Defender points out the single event, harmless pastebin.com, and suggests legitimate admin automation; Hunter highlights the LOLBAS usage, SYSTEM account, and public script as suspicious. Mixed live evidence (only 2 SYSTEM events, no child processes) does not confirm either view. The decisive factor is ",
          "investigation_priority": "critical"
        },
        "summary": "Critical workstation we8105desk showed a single osk.exe launch (LOLBAS) under SYSTEM via PowerShell invoking a public script; threat intel is clean but the combination of high severity signature and SYSTEM context raises suspicion, while lack of follow‑up activity and benign IOC suggest possible legit admin task.",
        "verdict": "needs_investigation",
        "priority": "high",
        "rationale": "Risk_context flags the asset as critical (risk_score=8) and the alert as high severity (T1218). Defender points out the single event, harmless pastebin.com, and suggests legitimate admin automation; Hunter highlights the LOLBAS usage, SYSTEM account, and public script as suspicious. Mixed live evidence (only 2 SYSTEM events, no child processes) does not confirm either view. The decisive factor is whether the PowerShell launch was authorized via a scheduled task or change request, so the next step focuses on verifying that context and script integrity.",
        "confidence": "medium",
        "triage_score": 81,
        "review_verdict": "NEEDS_HUMAN_REVIEW",
        "resolved_user_id": "SYSTEM",
        "resolved_asset_id": "botsv1-we8105desk",
        "needs_human_review": true,
        "recommended_next_step": "Query the host for any scheduled task or change‑management entry that launched the PowerShell command (including full ParentCommandLine) and compute the hash of C:\\Users\\Public\\invoke.ps1 to compare against approved baselines.",
        "investigation_priority": "critical",
        "triage_report_headline": "CRITICAL priority — NEEDS HUMAN REVIEW — score 81."
      },
      "tsoc_record_type": "soc_investigation_framework"
    },
    "row_index": 0
  },
  {
    "id": 13,
    "created_at": "2026-06-07T18:35:47.219346+00:00",
    "tsoc_record_type": "soc_investigation_enrichment",
    "sid": "REPLACE_WITH_SPLUNK_JOB_SID",
    "search_name": "Suspicious Process - osk.exe Sysmon EID 1 (botsv1)",
    "payload": {
      "sid": "REPLACE_WITH_SPLUNK_JOB_SID",
      "phase": "enrichment",
      "content": {
        "notes": "Matched asset via alert.host → hostname; Matched user via alert.user → user_id",
        "confidence": "high",
        "resolved_user_id": "SYSTEM",
        "resolved_asset_id": "botsv1-we8105desk",
        "matched_relationship_ids": []
      },
      "raw_alert": {
        "sid": "REPLACE_WITH_SPLUNK_JOB_SID",
        "row_index": 0,
        "normalized": {
          "tag": [
            "endpoint",
            "process",
            "sysmon"
          ],
          "User": "NT AUTHORITY\\SYSTEM",
          "host": "we8105desk",
          "user": "SYSTEM",
          "Image": "C:\\Windows\\System32\\osk.exe",
          "_time": "2018-08-20T21:09:41.000-07:00",
          "index": "botsv1",
          "domain": "pastebin.com",
          "source": "WinEventLog:Microsoft-Windows-Sysmon/Operational",
          "Computer": "we8105desk",
          "severity": "high",
          "EventCode": "1",
          "signature": "On-Screen Keyboard (osk.exe) launched — possible LOLBAS / credential access",
          "sourcetype": "XmlWinEventLog:Microsoft-Windows-Sysmon/Operational",
          "CommandLine": "C:\\Windows\\System32\\osk.exe",
          "ParentImage": "C:\\Windows\\System32\\WindowsPowerShell\\v1.0\\powershell.exe",
          "orig_search": "index=botsv1 source=\"WinEventLog:Microsoft-Windows-Sysmon/Operational\" host=we8105desk EventCode=1 Image=*osk.exe | stats values(CommandLine) by Computer,User, Image, ParentImage ParentCommandLine",
          "signature_id": "T1218",
          "ParentCommandLine": "powershell.exe -NoProfile -ExecutionPolicy Bypass -File C:\\Users\\Public\\invoke.ps1"
        },
        "result_row": {
          "tag": [
            "endpoint",
            "process",
            "sysmon"
          ],
          "User": "NT AUTHORITY\\SYSTEM",
          "host": "we8105desk",
          "user": "SYSTEM",
          "Image": "C:\\Windows\\System32\\osk.exe",
          "_time": "2018-08-20T21:09:41.000-07:00",
          "index": "botsv1",
          "domain": "pastebin.com",
          "source": "WinEventLog:Microsoft-Windows-Sysmon/Operational",
          "Computer": "we8105desk",
          "severity": "high",
          "EventCode": "1",
          "signature": "On-Screen Keyboard (osk.exe) launched — possible LOLBAS / credential access",
          "sourcetype": "XmlWinEventLog:Microsoft-Windows-Sysmon/Operational",
          "CommandLine": "C:\\Windows\\System32\\osk.exe",
          "ParentImage": "C:\\Windows\\System32\\WindowsPowerShell\\v1.0\\powershell.exe",
          "orig_search": "index=botsv1 source=\"WinEventLog:Microsoft-Windows-Sysmon/Operational\" host=we8105desk EventCode=1 Image=*osk.exe | stats values(CommandLine) by Computer,User, Image, ParentImage ParentCommandLine",
          "signature_id": "T1218",
          "ParentCommandLine": "powershell.exe -NoProfile -ExecutionPolicy Bypass -File C:\\Users\\Public\\invoke.ps1"
        },
        "search_name": "Suspicious Process - osk.exe Sysmon EID 1 (botsv1)",
        "splunk_results_row_count": 1
      },
      "row_index": 0,
      "stored_at": "2026-06-07T18:35:47.181637+00:00",
      "search_name": "Suspicious Process - osk.exe Sysmon EID 1 (botsv1)",
      "analysis_output": {
        "triage": {
          "report": {
            "factors": [
              {
                "title": "Judge verdict",
                "explanation": "Original verdict 'needs_investigation' mapped to NEEDS_HUMAN_REVIEW.",
                "score_impact": null
              },
              {
                "title": "Review class base",
                "explanation": "Base queue weight for NEEDS HUMAN REVIEW.",
                "score_impact": 55
              },
              {
                "title": "Judge priority",
                "explanation": "Judge marked priority 'high'.",
                "score_impact": 10
              },
              {
                "title": "Inventory risk",
                "explanation": "Elevated user/asset risk_score from inventory.",
                "score_impact": 8
              },
              {
                "title": "Human review default",
                "explanation": "Inconclusive or escalated verdict — analyst validation required.",
                "score_impact": 8
              }
            ],
            "headline": "CRITICAL priority — NEEDS HUMAN REVIEW — score 81.",
            "why_verdict": "Judge verdict 'needs_investigation' is inconclusive, mixed, or needs_more_evidence — defaulting to NEEDS_HUMAN_REVIEW until an analyst validates the story.",
            "signal_notes": [],
            "why_priority": "Triage score 81/100 places this alert in the 'critical' band. NEEDS HUMAN REVIEW verdicts with higher Judge priority, inventory risk, and routing ambiguity score higher in the analyst queue.",
            "recommended_action": "Human review required before disposition — do not auto-close. Judge recommended: Query the host for any scheduled task or change‑management entry that launched the PowerShell command (including full ParentCommandLine) and compute the hash of C:\\Users\\Public\\invoke.ps1 to compare against approved baselines."
          },
          "signals": [],
          "mapped_from": {
            "judge.verdict": "needs_investigation",
            "judge.priority": "high",
            "judge.confidence": "medium",
            "review_verdict_raw": "NEEDS_HUMAN_REVIEW"
          },
          "source_track": "security",
          "triage_score": 81,
          "review_verdict": "NEEDS_HUMAN_REVIEW",
          "confidence_score": 0.65,
          "needs_human_review": true,
          "priority_rationale": "CRITICAL priority — NEEDS HUMAN REVIEW — score 81. Judge verdict 'needs_investigation' is inconclusive, mixed, or needs_more_evidence — defaulting to NEEDS_HUMAN_REVIEW until an analyst validates the story. Triage score 81/100 places this alert in the 'critical' band. NEEDS HUMAN REVIEW verdicts with higher Judge priority, inventory risk, and routing ambiguity score higher in the analyst queue. Judge rationale: Risk_context flags the asset as critical (risk_score=8) and the alert as high severity (T1218). Defender points out the single event, harmless pastebin.com, and suggests legitimate admin automation; Hunter highlights the LOLBAS usage, SYSTEM account, and public script as suspicious. Mixed live evidence (only 2 SYSTEM events, no child processes) does not confirm either view. The decisive factor is ",
          "investigation_priority": "critical"
        },
        "summary": "Critical workstation we8105desk showed a single osk.exe launch (LOLBAS) under SYSTEM via PowerShell invoking a public script; threat intel is clean but the combination of high severity signature and SYSTEM context raises suspicion, while lack of follow‑up activity and benign IOC suggest possible legit admin task.",
        "verdict": "needs_investigation",
        "priority": "high",
        "rationale": "Risk_context flags the asset as critical (risk_score=8) and the alert as high severity (T1218). Defender points out the single event, harmless pastebin.com, and suggests legitimate admin automation; Hunter highlights the LOLBAS usage, SYSTEM account, and public script as suspicious. Mixed live evidence (only 2 SYSTEM events, no child processes) does not confirm either view. The decisive factor is whether the PowerShell launch was authorized via a scheduled task or change request, so the next step focuses on verifying that context and script integrity.",
        "confidence": "medium",
        "triage_score": 81,
        "review_verdict": "NEEDS_HUMAN_REVIEW",
        "resolved_user_id": "SYSTEM",
        "resolved_asset_id": "botsv1-we8105desk",
        "needs_human_review": true,
        "recommended_next_step": "Query the host for any scheduled task or change‑management entry that launched the PowerShell command (including full ParentCommandLine) and compute the hash of C:\\Users\\Public\\invoke.ps1 to compare against approved baselines.",
        "investigation_priority": "critical",
        "triage_report_headline": "CRITICAL priority — NEEDS HUMAN REVIEW — score 81."
      },
      "tsoc_record_type": "soc_investigation_enrichment"
    },
    "row_index": 0
  },
  {
    "id": 14,
    "created_at": "2026-06-07T18:35:47.222993+00:00",
    "tsoc_record_type": "soc_investigation_risk",
    "sid": "REPLACE_WITH_SPLUNK_JOB_SID",
    "search_name": "Suspicious Process - osk.exe Sysmon EID 1 (botsv1)",
    "payload": {
      "sid": "REPLACE_WITH_SPLUNK_JOB_SID",
      "phase": "risk_context",
      "content": "Asset botsv1-we8105desk: criticality=critical, risk_score=8. User SYSTEM: risk_score=1, department=Infrastructure.",
      "raw_alert": {
        "sid": "REPLACE_WITH_SPLUNK_JOB_SID",
        "row_index": 0,
        "normalized": {
          "tag": [
            "endpoint",
            "process",
            "sysmon"
          ],
          "User": "NT AUTHORITY\\SYSTEM",
          "host": "we8105desk",
          "user": "SYSTEM",
          "Image": "C:\\Windows\\System32\\osk.exe",
          "_time": "2018-08-20T21:09:41.000-07:00",
          "index": "botsv1",
          "domain": "pastebin.com",
          "source": "WinEventLog:Microsoft-Windows-Sysmon/Operational",
          "Computer": "we8105desk",
          "severity": "high",
          "EventCode": "1",
          "signature": "On-Screen Keyboard (osk.exe) launched — possible LOLBAS / credential access",
          "sourcetype": "XmlWinEventLog:Microsoft-Windows-Sysmon/Operational",
          "CommandLine": "C:\\Windows\\System32\\osk.exe",
          "ParentImage": "C:\\Windows\\System32\\WindowsPowerShell\\v1.0\\powershell.exe",
          "orig_search": "index=botsv1 source=\"WinEventLog:Microsoft-Windows-Sysmon/Operational\" host=we8105desk EventCode=1 Image=*osk.exe | stats values(CommandLine) by Computer,User, Image, ParentImage ParentCommandLine",
          "signature_id": "T1218",
          "ParentCommandLine": "powershell.exe -NoProfile -ExecutionPolicy Bypass -File C:\\Users\\Public\\invoke.ps1"
        },
        "result_row": {
          "tag": [
            "endpoint",
            "process",
            "sysmon"
          ],
          "User": "NT AUTHORITY\\SYSTEM",
          "host": "we8105desk",
          "user": "SYSTEM",
          "Image": "C:\\Windows\\System32\\osk.exe",
          "_time": "2018-08-20T21:09:41.000-07:00",
          "index": "botsv1",
          "domain": "pastebin.com",
          "source": "WinEventLog:Microsoft-Windows-Sysmon/Operational",
          "Computer": "we8105desk",
          "severity": "high",
          "EventCode": "1",
          "signature": "On-Screen Keyboard (osk.exe) launched — possible LOLBAS / credential access",
          "sourcetype": "XmlWinEventLog:Microsoft-Windows-Sysmon/Operational",
          "CommandLine": "C:\\Windows\\System32\\osk.exe",
          "ParentImage": "C:\\Windows\\System32\\WindowsPowerShell\\v1.0\\powershell.exe",
          "orig_search": "index=botsv1 source=\"WinEventLog:Microsoft-Windows-Sysmon/Operational\" host=we8105desk EventCode=1 Image=*osk.exe | stats values(CommandLine) by Computer,User, Image, ParentImage ParentCommandLine",
          "signature_id": "T1218",
          "ParentCommandLine": "powershell.exe -NoProfile -ExecutionPolicy Bypass -File C:\\Users\\Public\\invoke.ps1"
        },
        "search_name": "Suspicious Process - osk.exe Sysmon EID 1 (botsv1)",
        "splunk_results_row_count": 1
      },
      "row_index": 0,
      "stored_at": "2026-06-07T18:35:47.181637+00:00",
      "search_name": "Suspicious Process - osk.exe Sysmon EID 1 (botsv1)",
      "analysis_output": {
        "triage": {
          "report": {
            "factors": [
              {
                "title": "Judge verdict",
                "explanation": "Original verdict 'needs_investigation' mapped to NEEDS_HUMAN_REVIEW.",
                "score_impact": null
              },
              {
                "title": "Review class base",
                "explanation": "Base queue weight for NEEDS HUMAN REVIEW.",
                "score_impact": 55
              },
              {
                "title": "Judge priority",
                "explanation": "Judge marked priority 'high'.",
                "score_impact": 10
              },
              {
                "title": "Inventory risk",
                "explanation": "Elevated user/asset risk_score from inventory.",
                "score_impact": 8
              },
              {
                "title": "Human review default",
                "explanation": "Inconclusive or escalated verdict — analyst validation required.",
                "score_impact": 8
              }
            ],
            "headline": "CRITICAL priority — NEEDS HUMAN REVIEW — score 81.",
            "why_verdict": "Judge verdict 'needs_investigation' is inconclusive, mixed, or needs_more_evidence — defaulting to NEEDS_HUMAN_REVIEW until an analyst validates the story.",
            "signal_notes": [],
            "why_priority": "Triage score 81/100 places this alert in the 'critical' band. NEEDS HUMAN REVIEW verdicts with higher Judge priority, inventory risk, and routing ambiguity score higher in the analyst queue.",
            "recommended_action": "Human review required before disposition — do not auto-close. Judge recommended: Query the host for any scheduled task or change‑management entry that launched the PowerShell command (including full ParentCommandLine) and compute the hash of C:\\Users\\Public\\invoke.ps1 to compare against approved baselines."
          },
          "signals": [],
          "mapped_from": {
            "judge.verdict": "needs_investigation",
            "judge.priority": "high",
            "judge.confidence": "medium",
            "review_verdict_raw": "NEEDS_HUMAN_REVIEW"
          },
          "source_track": "security",
          "triage_score": 81,
          "review_verdict": "NEEDS_HUMAN_REVIEW",
          "confidence_score": 0.65,
          "needs_human_review": true,
          "priority_rationale": "CRITICAL priority — NEEDS HUMAN REVIEW — score 81. Judge verdict 'needs_investigation' is inconclusive, mixed, or needs_more_evidence — defaulting to NEEDS_HUMAN_REVIEW until an analyst validates the story. Triage score 81/100 places this alert in the 'critical' band. NEEDS HUMAN REVIEW verdicts with higher Judge priority, inventory risk, and routing ambiguity score higher in the analyst queue. Judge rationale: Risk_context flags the asset as critical (risk_score=8) and the alert as high severity (T1218). Defender points out the single event, harmless pastebin.com, and suggests legitimate admin automation; Hunter highlights the LOLBAS usage, SYSTEM account, and public script as suspicious. Mixed live evidence (only 2 SYSTEM events, no child processes) does not confirm either view. The decisive factor is ",
          "investigation_priority": "critical"
        },
        "summary": "Critical workstation we8105desk showed a single osk.exe launch (LOLBAS) under SYSTEM via PowerShell invoking a public script; threat intel is clean but the combination of high severity signature and SYSTEM context raises suspicion, while lack of follow‑up activity and benign IOC suggest possible legit admin task.",
        "verdict": "needs_investigation",
        "priority": "high",
        "rationale": "Risk_context flags the asset as critical (risk_score=8) and the alert as high severity (T1218). Defender points out the single event, harmless pastebin.com, and suggests legitimate admin automation; Hunter highlights the LOLBAS usage, SYSTEM account, and public script as suspicious. Mixed live evidence (only 2 SYSTEM events, no child processes) does not confirm either view. The decisive factor is whether the PowerShell launch was authorized via a scheduled task or change request, so the next step focuses on verifying that context and script integrity.",
        "confidence": "medium",
        "triage_score": 81,
        "review_verdict": "NEEDS_HUMAN_REVIEW",
        "resolved_user_id": "SYSTEM",
        "resolved_asset_id": "botsv1-we8105desk",
        "needs_human_review": true,
        "recommended_next_step": "Query the host for any scheduled task or change‑management entry that launched the PowerShell command (including full ParentCommandLine) and compute the hash of C:\\Users\\Public\\invoke.ps1 to compare against approved baselines.",
        "investigation_priority": "critical",
        "triage_report_headline": "CRITICAL priority — NEEDS HUMAN REVIEW — score 81."
      },
      "tsoc_record_type": "soc_investigation_risk"
    },
    "row_index": 0
  },
  {
    "id": 15,
    "created_at": "2026-06-07T18:35:47.227132+00:00",
    "tsoc_record_type": "soc_investigation_threat_intel",
    "sid": "REPLACE_WITH_SPLUNK_JOB_SID",
    "search_name": "Suspicious Process - osk.exe Sysmon EID 1 (botsv1)",
    "payload": {
      "sid": "REPLACE_WITH_SPLUNK_JOB_SID",
      "phase": "threat_intel",
      "content": {
        "iocs": [
          {
            "ioc": "pastebin.com",
            "link": "https://www.virustotal.com/api/v3/domains/pastebin.com",
            "vt_id": "pastebin.com",
            "verdict": "harmless",
            "vt_type": "domain",
            "ioc_type": "domain",
            "reputation": -43,
            "total_votes": {
              "harmless": 18,
              "malicious": 13
            },
            "last_analysis_date": 1780848159,
            "last_analysis_stats": {
              "timeout": 0,
              "harmless": 61,
              "malicious": 0,
              "suspicious": 0,
              "undetected": 30
            }
          }
        ],
        "note": "VirusTotal: 1 IOC hit(s) (1 notable) included in analysis context.",
        "source": "virustotal",
        "status": "ok",
        "findings": [
          {
            "ioc": "pastebin.com",
            "vt_id": "pastebin.com",
            "verdict": "harmless",
            "vt_type": "domain",
            "ioc_type": "domain",
            "reputation": -43,
            "total_votes": {
              "harmless": 18,
              "malicious": 13
            },
            "last_analysis_stats": {
              "timeout": 0,
              "harmless": 61,
              "malicious": 0,
              "suspicious": 0,
              "undetected": 30
            }
          }
        ],
        "checked_ioc_count": 1
      },
      "raw_alert": {
        "sid": "REPLACE_WITH_SPLUNK_JOB_SID",
        "row_index": 0,
        "normalized": {
          "tag": [
            "endpoint",
            "process",
            "sysmon"
          ],
          "User": "NT AUTHORITY\\SYSTEM",
          "host": "we8105desk",
          "user": "SYSTEM",
          "Image": "C:\\Windows\\System32\\osk.exe",
          "_time": "2018-08-20T21:09:41.000-07:00",
          "index": "botsv1",
          "domain": "pastebin.com",
          "source": "WinEventLog:Microsoft-Windows-Sysmon/Operational",
          "Computer": "we8105desk",
          "severity": "high",
          "EventCode": "1",
          "signature": "On-Screen Keyboard (osk.exe) launched — possible LOLBAS / credential access",
          "sourcetype": "XmlWinEventLog:Microsoft-Windows-Sysmon/Operational",
          "CommandLine": "C:\\Windows\\System32\\osk.exe",
          "ParentImage": "C:\\Windows\\System32\\WindowsPowerShell\\v1.0\\powershell.exe",
          "orig_search": "index=botsv1 source=\"WinEventLog:Microsoft-Windows-Sysmon/Operational\" host=we8105desk EventCode=1 Image=*osk.exe | stats values(CommandLine) by Computer,User, Image, ParentImage ParentCommandLine",
          "signature_id": "T1218",
          "ParentCommandLine": "powershell.exe -NoProfile -ExecutionPolicy Bypass -File C:\\Users\\Public\\invoke.ps1"
        },
        "result_row": {
          "tag": [
            "endpoint",
            "process",
            "sysmon"
          ],
          "User": "NT AUTHORITY\\SYSTEM",
          "host": "we8105desk",
          "user": "SYSTEM",
          "Image": "C:\\Windows\\System32\\osk.exe",
          "_time": "2018-08-20T21:09:41.000-07:00",
          "index": "botsv1",
          "domain": "pastebin.com",
          "source": "WinEventLog:Microsoft-Windows-Sysmon/Operational",
          "Computer": "we8105desk",
          "severity": "high",
          "EventCode": "1",
          "signature": "On-Screen Keyboard (osk.exe) launched — possible LOLBAS / credential access",
          "sourcetype": "XmlWinEventLog:Microsoft-Windows-Sysmon/Operational",
          "CommandLine": "C:\\Windows\\System32\\osk.exe",
          "ParentImage": "C:\\Windows\\System32\\WindowsPowerShell\\v1.0\\powershell.exe",
          "orig_search": "index=botsv1 source=\"WinEventLog:Microsoft-Windows-Sysmon/Operational\" host=we8105desk EventCode=1 Image=*osk.exe | stats values(CommandLine) by Computer,User, Image, ParentImage ParentCommandLine",
          "signature_id": "T1218",
          "ParentCommandLine": "powershell.exe -NoProfile -ExecutionPolicy Bypass -File C:\\Users\\Public\\invoke.ps1"
        },
        "search_name": "Suspicious Process - osk.exe Sysmon EID 1 (botsv1)",
        "splunk_results_row_count": 1
      },
      "row_index": 0,
      "stored_at": "2026-06-07T18:35:47.181637+00:00",
      "search_name": "Suspicious Process - osk.exe Sysmon EID 1 (botsv1)",
      "analysis_output": {
        "triage": {
          "report": {
            "factors": [
              {
                "title": "Judge verdict",
                "explanation": "Original verdict 'needs_investigation' mapped to NEEDS_HUMAN_REVIEW.",
                "score_impact": null
              },
              {
                "title": "Review class base",
                "explanation": "Base queue weight for NEEDS HUMAN REVIEW.",
                "score_impact": 55
              },
              {
                "title": "Judge priority",
                "explanation": "Judge marked priority 'high'.",
                "score_impact": 10
              },
              {
                "title": "Inventory risk",
                "explanation": "Elevated user/asset risk_score from inventory.",
                "score_impact": 8
              },
              {
                "title": "Human review default",
                "explanation": "Inconclusive or escalated verdict — analyst validation required.",
                "score_impact": 8
              }
            ],
            "headline": "CRITICAL priority — NEEDS HUMAN REVIEW — score 81.",
            "why_verdict": "Judge verdict 'needs_investigation' is inconclusive, mixed, or needs_more_evidence — defaulting to NEEDS_HUMAN_REVIEW until an analyst validates the story.",
            "signal_notes": [],
            "why_priority": "Triage score 81/100 places this alert in the 'critical' band. NEEDS HUMAN REVIEW verdicts with higher Judge priority, inventory risk, and routing ambiguity score higher in the analyst queue.",
            "recommended_action": "Human review required before disposition — do not auto-close. Judge recommended: Query the host for any scheduled task or change‑management entry that launched the PowerShell command (including full ParentCommandLine) and compute the hash of C:\\Users\\Public\\invoke.ps1 to compare against approved baselines."
          },
          "signals": [],
          "mapped_from": {
            "judge.verdict": "needs_investigation",
            "judge.priority": "high",
            "judge.confidence": "medium",
            "review_verdict_raw": "NEEDS_HUMAN_REVIEW"
          },
          "source_track": "security",
          "triage_score": 81,
          "review_verdict": "NEEDS_HUMAN_REVIEW",
          "confidence_score": 0.65,
          "needs_human_review": true,
          "priority_rationale": "CRITICAL priority — NEEDS HUMAN REVIEW — score 81. Judge verdict 'needs_investigation' is inconclusive, mixed, or needs_more_evidence — defaulting to NEEDS_HUMAN_REVIEW until an analyst validates the story. Triage score 81/100 places this alert in the 'critical' band. NEEDS HUMAN REVIEW verdicts with higher Judge priority, inventory risk, and routing ambiguity score higher in the analyst queue. Judge rationale: Risk_context flags the asset as critical (risk_score=8) and the alert as high severity (T1218). Defender points out the single event, harmless pastebin.com, and suggests legitimate admin automation; Hunter highlights the LOLBAS usage, SYSTEM account, and public script as suspicious. Mixed live evidence (only 2 SYSTEM events, no child processes) does not confirm either view. The decisive factor is ",
          "investigation_priority": "critical"
        },
        "summary": "Critical workstation we8105desk showed a single osk.exe launch (LOLBAS) under SYSTEM via PowerShell invoking a public script; threat intel is clean but the combination of high severity signature and SYSTEM context raises suspicion, while lack of follow‑up activity and benign IOC suggest possible legit admin task.",
        "verdict": "needs_investigation",
        "priority": "high",
        "rationale": "Risk_context flags the asset as critical (risk_score=8) and the alert as high severity (T1218). Defender points out the single event, harmless pastebin.com, and suggests legitimate admin automation; Hunter highlights the LOLBAS usage, SYSTEM account, and public script as suspicious. Mixed live evidence (only 2 SYSTEM events, no child processes) does not confirm either view. The decisive factor is whether the PowerShell launch was authorized via a scheduled task or change request, so the next step focuses on verifying that context and script integrity.",
        "confidence": "medium",
        "triage_score": 81,
        "review_verdict": "NEEDS_HUMAN_REVIEW",
        "resolved_user_id": "SYSTEM",
        "resolved_asset_id": "botsv1-we8105desk",
        "needs_human_review": true,
        "recommended_next_step": "Query the host for any scheduled task or change‑management entry that launched the PowerShell command (including full ParentCommandLine) and compute the hash of C:\\Users\\Public\\invoke.ps1 to compare against approved baselines.",
        "investigation_priority": "critical",
        "triage_report_headline": "CRITICAL priority — NEEDS HUMAN REVIEW — score 81."
      },
      "tsoc_record_type": "soc_investigation_threat_intel"
    },
    "row_index": 0
  },
