  {
    "id": 16,
    "created_at": "2026-06-07T18:35:47.230754+00:00",
    "tsoc_record_type": "soc_investigation_summary",
    "sid": "REPLACE_WITH_SPLUNK_JOB_SID",
    "search_name": "Suspicious Process - osk.exe Sysmon EID 1 (botsv1)",
    "payload": {
      "sid": "REPLACE_WITH_SPLUNK_JOB_SID",
      "phase": "summary",
      "content": "Critical workstation we8105desk showed a single osk.exe launch (LOLBAS) under SYSTEM via PowerShell invoking a public script; threat intel is clean but the combination of high severity signature and SYSTEM context raises suspicion, while lack of follow‑up activity and benign IOC suggest possible legit admin task.",
      "raw_alert": {
        "sid": "REPLACE_WITH_SPLUNK_JOB_SID",
        "row_index": 0,
        "normalized": {
          "tag": [
            "endpoint",
            "process",
            "sysmon"
          ],
          "User": "NT AUTHORITY\\SYSTEM",
          "host": "we8105desk",
          "user": "SYSTEM",
          "Image": "C:\\Windows\\System32\\osk.exe",
          "_time": "2018-08-20T21:09:41.000-07:00",
          "index": "botsv1",
          "domain": "pastebin.com",
          "source": "WinEventLog:Microsoft-Windows-Sysmon/Operational",
          "Computer": "we8105desk",
          "severity": "high",
          "EventCode": "1",
          "signature": "On-Screen Keyboard (osk.exe) launched — possible LOLBAS / credential access",
          "sourcetype": "XmlWinEventLog:Microsoft-Windows-Sysmon/Operational",
          "CommandLine": "C:\\Windows\\System32\\osk.exe",
          "ParentImage": "C:\\Windows\\System32\\WindowsPowerShell\\v1.0\\powershell.exe",
          "orig_search": "index=botsv1 source=\"WinEventLog:Microsoft-Windows-Sysmon/Operational\" host=we8105desk EventCode=1 Image=*osk.exe | stats values(CommandLine) by Computer,User, Image, ParentImage ParentCommandLine",
          "signature_id": "T1218",
          "ParentCommandLine": "powershell.exe -NoProfile -ExecutionPolicy Bypass -File C:\\Users\\Public\\invoke.ps1"
        },
        "result_row": {
          "tag": [
            "endpoint",
            "process",
            "sysmon"
          ],
          "User": "NT AUTHORITY\\SYSTEM",
          "host": "we8105desk",
          "user": "SYSTEM",
          "Image": "C:\\Windows\\System32\\osk.exe",
          "_time": "2018-08-20T21:09:41.000-07:00",
          "index": "botsv1",
          "domain": "pastebin.com",
          "source": "WinEventLog:Microsoft-Windows-Sysmon/Operational",
          "Computer": "we8105desk",
          "severity": "high",
          "EventCode": "1",
          "signature": "On-Screen Keyboard (osk.exe) launched — possible LOLBAS / credential access",
          "sourcetype": "XmlWinEventLog:Microsoft-Windows-Sysmon/Operational",
          "CommandLine": "C:\\Windows\\System32\\osk.exe",
          "ParentImage": "C:\\Windows\\System32\\WindowsPowerShell\\v1.0\\powershell.exe",
          "orig_search": "index=botsv1 source=\"WinEventLog:Microsoft-Windows-Sysmon/Operational\" host=we8105desk EventCode=1 Image=*osk.exe | stats values(CommandLine) by Computer,User, Image, ParentImage ParentCommandLine",
          "signature_id": "T1218",
          "ParentCommandLine": "powershell.exe -NoProfile -ExecutionPolicy Bypass -File C:\\Users\\Public\\invoke.ps1"
        },
        "search_name": "Suspicious Process - osk.exe Sysmon EID 1 (botsv1)",
        "splunk_results_row_count": 1
      },
      "row_index": 0,
      "stored_at": "2026-06-07T18:35:47.181637+00:00",
      "search_name": "Suspicious Process - osk.exe Sysmon EID 1 (botsv1)",
      "analysis_output": {
        "triage": {
          "report": {
            "factors": [
              {
                "title": "Judge verdict",
                "explanation": "Original verdict 'needs_investigation' mapped to NEEDS_HUMAN_REVIEW.",
                "score_impact": null
              },
              {
                "title": "Review class base",
                "explanation": "Base queue weight for NEEDS HUMAN REVIEW.",
                "score_impact": 55
              },
              {
                "title": "Judge priority",
                "explanation": "Judge marked priority 'high'.",
                "score_impact": 10
              },
              {
                "title": "Inventory risk",
                "explanation": "Elevated user/asset risk_score from inventory.",
                "score_impact": 8
              },
              {
                "title": "Human review default",
                "explanation": "Inconclusive or escalated verdict — analyst validation required.",
                "score_impact": 8
              }
            ],
            "headline": "CRITICAL priority — NEEDS HUMAN REVIEW — score 81.",
            "why_verdict": "Judge verdict 'needs_investigation' is inconclusive, mixed, or needs_more_evidence — defaulting to NEEDS_HUMAN_REVIEW until an analyst validates the story.",
            "signal_notes": [],
            "why_priority": "Triage score 81/100 places this alert in the 'critical' band. NEEDS HUMAN REVIEW verdicts with higher Judge priority, inventory risk, and routing ambiguity score higher in the analyst queue.",
            "recommended_action": "Human review required before disposition — do not auto-close. Judge recommended: Query the host for any scheduled task or change‑management entry that launched the PowerShell command (including full ParentCommandLine) and compute the hash of C:\\Users\\Public\\invoke.ps1 to compare against approved baselines."
          },
          "signals": [],
          "mapped_from": {
            "judge.verdict": "needs_investigation",
            "judge.priority": "high",
            "judge.confidence": "medium",
            "review_verdict_raw": "NEEDS_HUMAN_REVIEW"
          },
          "source_track": "security",
          "triage_score": 81,
          "review_verdict": "NEEDS_HUMAN_REVIEW",
          "confidence_score": 0.65,
          "needs_human_review": true,
          "priority_rationale": "CRITICAL priority — NEEDS HUMAN REVIEW — score 81. Judge verdict 'needs_investigation' is inconclusive, mixed, or needs_more_evidence — defaulting to NEEDS_HUMAN_REVIEW until an analyst validates the story. Triage score 81/100 places this alert in the 'critical' band. NEEDS HUMAN REVIEW verdicts with higher Judge priority, inventory risk, and routing ambiguity score higher in the analyst queue. Judge rationale: Risk_context flags the asset as critical (risk_score=8) and the alert as high severity (T1218). Defender points out the single event, harmless pastebin.com, and suggests legitimate admin automation; Hunter highlights the LOLBAS usage, SYSTEM account, and public script as suspicious. Mixed live evidence (only 2 SYSTEM events, no child processes) does not confirm either view. The decisive factor is ",
          "investigation_priority": "critical"
        },
        "summary": "Critical workstation we8105desk showed a single osk.exe launch (LOLBAS) under SYSTEM via PowerShell invoking a public script; threat intel is clean but the combination of high severity signature and SYSTEM context raises suspicion, while lack of follow‑up activity and benign IOC suggest possible legit admin task.",
        "verdict": "needs_investigation",
        "priority": "high",
        "rationale": "Risk_context flags the asset as critical (risk_score=8) and the alert as high severity (T1218). Defender points out the single event, harmless pastebin.com, and suggests legitimate admin automation; Hunter highlights the LOLBAS usage, SYSTEM account, and public script as suspicious. Mixed live evidence (only 2 SYSTEM events, no child processes) does not confirm either view. The decisive factor is whether the PowerShell launch was authorized via a scheduled task or change request, so the next step focuses on verifying that context and script integrity.",
        "confidence": "medium",
        "triage_score": 81,
        "review_verdict": "NEEDS_HUMAN_REVIEW",
        "resolved_user_id": "SYSTEM",
        "resolved_asset_id": "botsv1-we8105desk",
        "needs_human_review": true,
        "recommended_next_step": "Query the host for any scheduled task or change‑management entry that launched the PowerShell command (including full ParentCommandLine) and compute the hash of C:\\Users\\Public\\invoke.ps1 to compare against approved baselines.",
        "investigation_priority": "critical",
        "triage_report_headline": "CRITICAL priority — NEEDS HUMAN REVIEW — score 81."
      },
      "tsoc_record_type": "soc_investigation_summary"
    },
    "row_index": 0
  },
  {
    "id": 17,
    "created_at": "2026-06-07T18:35:47.234503+00:00",
    "tsoc_record_type": "soc_investigation_evidence_chain",
    "sid": "REPLACE_WITH_SPLUNK_JOB_SID",
    "search_name": "Suspicious Process - osk.exe Sysmon EID 1 (botsv1)",
    "payload": {
      "sid": "REPLACE_WITH_SPLUNK_JOB_SID",
      "phase": "evidence_chain",
      "content": {
        "trace": {
          "evidence_refs_count": 19,
          "analysis_input_alert_fields_count": 21
        },
        "request": {
          "sid": "REPLACE_WITH_SPLUNK_JOB_SID",
          "row_index": 0,
          "search_name": "Suspicious Process - osk.exe Sysmon EID 1 (botsv1)"
        },
        "decision": {
          "verdict": "needs_investigation",
          "priority": "high",
          "triage_score": 81,
          "needs_human_review": true,
          "recommended_next_step": "Query the host for any scheduled task or change‑management entry that launched the PowerShell command (including full ParentCommandLine) and compute the hash of C:\\Users\\Public\\invoke.ps1 to compare against approved baselines.",
          "investigation_priority": "critical",
          "admin_org_gap_suggested": true
        },
        "data_sources": {
          "resolved_user_id": "SYSTEM",
          "resolved_asset_id": "botsv1-we8105desk",
          "threat_intel_present": true,
          "splunk_results_row_count": 1,
          "selected_result_row_present": true,
          "similar_alert_context_present": true
        },
        "reasoning_path": {
          "analysis_path": "langgraph",
          "judge_mcp_used": true,
          "hunter_mcp_used": true,
          "investigation_questions_count": 5,
          "investigation_spl_error_count": 0,
          "investigation_spl_executed_ok_count": 5
        }
      },
      "raw_alert": {
        "sid": "REPLACE_WITH_SPLUNK_JOB_SID",
        "row_index": 0,
        "normalized": {
          "tag": [
            "endpoint",
            "process",
            "sysmon"
          ],
          "User": "NT AUTHORITY\\SYSTEM",
          "host": "we8105desk",
          "user": "SYSTEM",
          "Image": "C:\\Windows\\System32\\osk.exe",
          "_time": "2018-08-20T21:09:41.000-07:00",
          "index": "botsv1",
          "domain": "pastebin.com",
          "source": "WinEventLog:Microsoft-Windows-Sysmon/Operational",
          "Computer": "we8105desk",
          "severity": "high",
          "EventCode": "1",
          "signature": "On-Screen Keyboard (osk.exe) launched — possible LOLBAS / credential access",
          "sourcetype": "XmlWinEventLog:Microsoft-Windows-Sysmon/Operational",
          "CommandLine": "C:\\Windows\\System32\\osk.exe",
          "ParentImage": "C:\\Windows\\System32\\WindowsPowerShell\\v1.0\\powershell.exe",
          "orig_search": "index=botsv1 source=\"WinEventLog:Microsoft-Windows-Sysmon/Operational\" host=we8105desk EventCode=1 Image=*osk.exe | stats values(CommandLine) by Computer,User, Image, ParentImage ParentCommandLine",
          "signature_id": "T1218",
          "ParentCommandLine": "powershell.exe -NoProfile -ExecutionPolicy Bypass -File C:\\Users\\Public\\invoke.ps1"
        },
        "result_row": {
          "tag": [
            "endpoint",
            "process",
            "sysmon"
          ],
          "User": "NT AUTHORITY\\SYSTEM",
          "host": "we8105desk",
          "user": "SYSTEM",
          "Image": "C:\\Windows\\System32\\osk.exe",
          "_time": "2018-08-20T21:09:41.000-07:00",
          "index": "botsv1",
          "domain": "pastebin.com",
          "source": "WinEventLog:Microsoft-Windows-Sysmon/Operational",
          "Computer": "we8105desk",
          "severity": "high",
          "EventCode": "1",
          "signature": "On-Screen Keyboard (osk.exe) launched — possible LOLBAS / credential access",
          "sourcetype": "XmlWinEventLog:Microsoft-Windows-Sysmon/Operational",
          "CommandLine": "C:\\Windows\\System32\\osk.exe",
          "ParentImage": "C:\\Windows\\System32\\WindowsPowerShell\\v1.0\\powershell.exe",
          "orig_search": "index=botsv1 source=\"WinEventLog:Microsoft-Windows-Sysmon/Operational\" host=we8105desk EventCode=1 Image=*osk.exe | stats values(CommandLine) by Computer,User, Image, ParentImage ParentCommandLine",
          "signature_id": "T1218",
          "ParentCommandLine": "powershell.exe -NoProfile -ExecutionPolicy Bypass -File C:\\Users\\Public\\invoke.ps1"
        },
        "search_name": "Suspicious Process - osk.exe Sysmon EID 1 (botsv1)",
        "splunk_results_row_count": 1
      },
      "row_index": 0,
      "stored_at": "2026-06-07T18:35:47.181637+00:00",
      "search_name": "Suspicious Process - osk.exe Sysmon EID 1 (botsv1)",
      "analysis_output": {
        "triage": {
          "report": {
            "factors": [
              {
                "title": "Judge verdict",
                "explanation": "Original verdict 'needs_investigation' mapped to NEEDS_HUMAN_REVIEW.",
                "score_impact": null
              },
              {
                "title": "Review class base",
                "explanation": "Base queue weight for NEEDS HUMAN REVIEW.",
                "score_impact": 55
              },
              {
                "title": "Judge priority",
                "explanation": "Judge marked priority 'high'.",
                "score_impact": 10
              },
              {
                "title": "Inventory risk",
                "explanation": "Elevated user/asset risk_score from inventory.",
                "score_impact": 8
              },
              {
                "title": "Human review default",
                "explanation": "Inconclusive or escalated verdict — analyst validation required.",
                "score_impact": 8
              }
            ],
            "headline": "CRITICAL priority — NEEDS HUMAN REVIEW — score 81.",
            "why_verdict": "Judge verdict 'needs_investigation' is inconclusive, mixed, or needs_more_evidence — defaulting to NEEDS_HUMAN_REVIEW until an analyst validates the story.",
            "signal_notes": [],
            "why_priority": "Triage score 81/100 places this alert in the 'critical' band. NEEDS HUMAN REVIEW verdicts with higher Judge priority, inventory risk, and routing ambiguity score higher in the analyst queue.",
            "recommended_action": "Human review required before disposition — do not auto-close. Judge recommended: Query the host for any scheduled task or change‑management entry that launched the PowerShell command (including full ParentCommandLine) and compute the hash of C:\\Users\\Public\\invoke.ps1 to compare against approved baselines."
          },
          "signals": [],
          "mapped_from": {
            "judge.verdict": "needs_investigation",
            "judge.priority": "high",
            "judge.confidence": "medium",
            "review_verdict_raw": "NEEDS_HUMAN_REVIEW"
          },
          "source_track": "security",
          "triage_score": 81,
          "review_verdict": "NEEDS_HUMAN_REVIEW",
          "confidence_score": 0.65,
          "needs_human_review": true,
          "priority_rationale": "CRITICAL priority — NEEDS HUMAN REVIEW — score 81. Judge verdict 'needs_investigation' is inconclusive, mixed, or needs_more_evidence — defaulting to NEEDS_HUMAN_REVIEW until an analyst validates the story. Triage score 81/100 places this alert in the 'critical' band. NEEDS HUMAN REVIEW verdicts with higher Judge priority, inventory risk, and routing ambiguity score higher in the analyst queue. Judge rationale: Risk_context flags the asset as critical (risk_score=8) and the alert as high severity (T1218). Defender points out the single event, harmless pastebin.com, and suggests legitimate admin automation; Hunter highlights the LOLBAS usage, SYSTEM account, and public script as suspicious. Mixed live evidence (only 2 SYSTEM events, no child processes) does not confirm either view. The decisive factor is ",
          "investigation_priority": "critical"
        },
        "summary": "Critical workstation we8105desk showed a single osk.exe launch (LOLBAS) under SYSTEM via PowerShell invoking a public script; threat intel is clean but the combination of high severity signature and SYSTEM context raises suspicion, while lack of follow‑up activity and benign IOC suggest possible legit admin task.",
        "verdict": "needs_investigation",
        "priority": "high",
        "rationale": "Risk_context flags the asset as critical (risk_score=8) and the alert as high severity (T1218). Defender points out the single event, harmless pastebin.com, and suggests legitimate admin automation; Hunter highlights the LOLBAS usage, SYSTEM account, and public script as suspicious. Mixed live evidence (only 2 SYSTEM events, no child processes) does not confirm either view. The decisive factor is whether the PowerShell launch was authorized via a scheduled task or change request, so the next step focuses on verifying that context and script integrity.",
        "confidence": "medium",
        "triage_score": 81,
        "review_verdict": "NEEDS_HUMAN_REVIEW",
        "resolved_user_id": "SYSTEM",
        "resolved_asset_id": "botsv1-we8105desk",
        "needs_human_review": true,
        "recommended_next_step": "Query the host for any scheduled task or change‑management entry that launched the PowerShell command (including full ParentCommandLine) and compute the hash of C:\\Users\\Public\\invoke.ps1 to compare against approved baselines.",
        "investigation_priority": "critical",
        "triage_report_headline": "CRITICAL priority — NEEDS HUMAN REVIEW — score 81."
      },
      "tsoc_record_type": "soc_investigation_evidence_chain"
    },
    "row_index": 0
  },
  {
    "id": 18,
    "created_at": "2026-06-07T18:35:47.896390+00:00",
    "tsoc_record_type": "agentic_ops_analysis",
    "sid": "REPLACE_WITH_SPLUNK_JOB_SID",
    "search_name": "Suspicious Process - osk.exe Sysmon EID 1 (botsv1)",
    "payload": {
      "sid": "REPLACE_WITH_SPLUNK_JOB_SID",
      "mcp_used": true,
      "raw_alert": {
        "sid": "REPLACE_WITH_SPLUNK_JOB_SID",
        "row_index": 0,
        "normalized": {
          "tag": [
            "endpoint",
            "process",
            "sysmon"
          ],
          "User": "NT AUTHORITY\\SYSTEM",
          "host": "we8105desk",
          "user": "SYSTEM",
          "Image": "C:\\Windows\\System32\\osk.exe",
          "_time": "2018-08-20T21:09:41.000-07:00",
          "index": "botsv1",
          "domain": "pastebin.com",
          "source": "WinEventLog:Microsoft-Windows-Sysmon/Operational",
          "Computer": "we8105desk",
          "severity": "high",
          "EventCode": "1",
          "signature": "On-Screen Keyboard (osk.exe) launched — possible LOLBAS / credential access",
          "sourcetype": "XmlWinEventLog:Microsoft-Windows-Sysmon/Operational",
          "CommandLine": "C:\\Windows\\System32\\osk.exe",
          "ParentImage": "C:\\Windows\\System32\\WindowsPowerShell\\v1.0\\powershell.exe",
          "orig_search": "index=botsv1 source=\"WinEventLog:Microsoft-Windows-Sysmon/Operational\" host=we8105desk EventCode=1 Image=*osk.exe | stats values(CommandLine) by Computer,User, Image, ParentImage ParentCommandLine",
          "signature_id": "T1218",
          "ParentCommandLine": "powershell.exe -NoProfile -ExecutionPolicy Bypass -File C:\\Users\\Public\\invoke.ps1"
        },
        "result_row": {
          "tag": [
            "endpoint",
            "process",
            "sysmon"
          ],
          "User": "NT AUTHORITY\\SYSTEM",
          "host": "we8105desk",
          "user": "SYSTEM",
          "Image": "C:\\Windows\\System32\\osk.exe",
          "_time": "2018-08-20T21:09:41.000-07:00",
          "index": "botsv1",
          "domain": "pastebin.com",
          "source": "WinEventLog:Microsoft-Windows-Sysmon/Operational",
          "Computer": "we8105desk",
          "severity": "high",
          "EventCode": "1",
          "signature": "On-Screen Keyboard (osk.exe) launched — possible LOLBAS / credential access",
          "sourcetype": "XmlWinEventLog:Microsoft-Windows-Sysmon/Operational",
          "CommandLine": "C:\\Windows\\System32\\osk.exe",
          "ParentImage": "C:\\Windows\\System32\\WindowsPowerShell\\v1.0\\powershell.exe",
          "orig_search": "index=botsv1 source=\"WinEventLog:Microsoft-Windows-Sysmon/Operational\" host=we8105desk EventCode=1 Image=*osk.exe | stats values(CommandLine) by Computer,User, Image, ParentImage ParentCommandLine",
          "signature_id": "T1218",
          "ParentCommandLine": "powershell.exe -NoProfile -ExecutionPolicy Bypass -File C:\\Users\\Public\\invoke.ps1"
        },
        "search_name": "Suspicious Process - osk.exe Sysmon EID 1 (botsv1)",
        "splunk_results_row_count": 1
      },
      "row_index": 0,
      "stored_at": "2026-06-07T18:35:47.885197+00:00",
      "mcp_context": {
        "notes": [],
        "indexes": [],
        "raw_snippets": {
          "indexes": {
            "results": [
              {
                "title": "_audit",
                "disabled": "0",
                "splunk_server": "linux-01",
                "currentDBSizeMB": "95",
                "totalEventCount": "453579"
              },
              {
                "title": "_configtracker",
                "disabled": "0",
                "splunk_server": "linux-01",
                "currentDBSizeMB": "26",
                "totalEventCount": "149585"
              },
              {
                "title": "_dsappevent",
                "disabled": "0",
                "splunk_server": "linux-01",
                "currentDBSizeMB": "1",
                "totalEventCount": "69"
              },
              {
                "title": "_dsclient",
                "disabled": "0",
                "splunk_server": "linux-01",
                "currentDBSizeMB": "1",
                "totalEventCount": "21"
              },
              {
                "title": "_dsphonehome",
                "disabled": "0",
                "splunk_server": "linux-01",
                "currentDBSizeMB": "1",
                "totalEventCount": "1660"
              },
              {
                "title": "_internal",
                "disabled": "0",
                "splunk_server": "linux-01",
                "currentDBSizeMB": "46",
                "totalEventCount": "333964"
              },
              {
                "title": "_introspection",
                "disabled": "0",
                "splunk_server": "linux-01",
                "currentDBSizeMB": "31",
                "totalEventCount": "9226"
              },
              {
                "title": "_telemetry",
                "disabled": "0",
                "splunk_server": "linux-01",
                "currentDBSizeMB": "3",
                "totalEventCount": "375"
              },
              {
                "title": "_thefishbucket",
                "disabled": "0",
                "splunk_server": "linux-01",
                "currentDBSizeMB": "1",
                "totalEventCount": "0"
              },
              {
                "title": "audit_summary",
                "disabled": "0",
                "splunk_server": "linux-01",
                "currentDBSizeMB": "1",
                "totalEventCount": "1036"
              },
              {
                "title": "ba_test",
                "disabled": "0",
                "splunk_server": "linux-01",
                "currentDBSizeMB": "1",
                "totalEventCount": "0"
              },
              {
                "title": "botsv1",
                "disabled": "0",
                "splunk_server": "linux-01",
                "currentDBSizeMB": "322",
                "totalEventCount": "955807"
              },
              {
                "title": "cim_modactions",
                "disabled": "0",
                "splunk_server": "linux-01",
                "currentDBSizeMB": "1",
                "totalEventCount": "0"
              },
              {
                "title": "collectd",
                "disabled": "0",
                "splunk_server": "linux-01",
                "currentDBSizeMB": "1",
                "totalEventCount": "0"
              },
              {
                "title": "endpoint_summary",
                "disabled": "0",
                "splunk_server": "linux-01",
                "currentDBSizeMB": "1",
                "totalEventCount": "0"
              },
              {
                "title": "gia_summary",
                "disabled": "0",
                "splunk_server": "linux-01",
                "currentDBSizeMB": "1",
                "totalEventCount": "0"
              },
              {
                "title": "history",
                "disabled": "0",
                "splunk_server": "linux-01",
                "currentDBSizeMB": "1",
                "totalEventCount": "0"
              },
              {
                "title": "ioc",
                "disabled": "0",
                "splunk_server": "linux-01",
                "currentDBSizeMB": "1",
                "totalEventCount": "0"
              },
              {
                "title": "main",
                "disabled": "0",
                "splunk_server": "linux-01",
                "currentDBSizeMB": "1",
                "totalEventCount": "0"
              },
              {
                "title": "notable",
                "disabled": "0",
                "splunk_server": "linux-01",
                "currentDBSizeMB": "1",
                "totalEventCount": "0"
              },
              {
                "title": "notable_summary",
                "disabled": "0",
                "splunk_server": "linux-01",
                "currentDBSizeMB": "1",
                "totalEventCount": "0"
              },
              {
                "title": "risk",
                "disabled": "0",
                "splunk_server": "linux-01",
                "currentDBSizeMB": "1",
                "totalEventCount": "0"
              },
              {
                "title": "sequenced_events",
                "disabled": "0",
                "splunk_server": "linux-01",
                "currentDBSizeMB": "1",
                "totalEventCount": "0"
              },
              {
                "title": "splunklogger",
                "disabled": "1",
                "splunk_server": "linux-01",
                "currentDBSizeMB": "0",
                "totalEventCount": "0"
              },
              {
                "title": "summary",
                "disabled": "0",
                "splunk_server": "linux-01",
                "currentDBSizeMB": "1",
                "totalEventCount": "0"
              },
              {
                "title": "sysmon",
                "disabled": "0",
                "splunk_server": "linux-01",
                "currentDBSizeMB": "1",
                "totalEventCount": "0"
              },
              {
                "title": "threat_activity",
                "disabled": "0",
                "splunk_server": "linux-01",
                "currentDBSizeMB": "1",
                "totalEventCount": "0"
              },
              {
                "title": "ubaroute",
                "disabled": "0",
                "splunk_server": "linux-01",
                "currentDBSizeMB": "1",
                "totalEventCount": "0"
              },
              {
                "title": "ueba",
                "disabled": "0",
                "splunk_server": "linux-01",
                "currentDBSizeMB": "1",
                "totalEventCount": "0"
              },
              {
                "title": "whois",
                "disabled": "0",
                "splunk_server": "linux-01",
                "currentDBSizeMB": "1",
                "totalEventCount": "0"
              }
            ],
            "truncated": false,
            "total_rows": 30
          },
          "metadata_hosts": {
            "results": [
              {
                "host": "192.168.2.50",
                "type": "hosts",
                "lastTime": "1472056400",
                "firstTime": "1472056400",
                "recentTime": "1472056477",
                "totalCount": "65",
                "lastTimeIso": "2016-08-24T21:03:20Z",
                "firstTimeIso": "2016-08-24T21:03:20Z",
                "recentTimeIso": "2016-08-24T21:04:37Z"
              },
              {
                "host": "192.168.250.1",
                "type": "hosts",
                "lastTime": "1472063264",
                "firstTime": "1470864836",
                "recentTime": "1472063264",
                "totalCount": "80922",
                "lastTimeIso": "2016-08-24T22:57:44Z",
                "firstTimeIso": "2016-08-11T02:03:56Z",
                "recentTimeIso": "2016-08-24T22:57:44Z"
              },
              {
                "host": "splunk-02",
                "type": "hosts",
                "lastTime": "1472063263",
                "firstTime": "1470864869",
                "recentTime": "1472063263",
                "totalCount": "293579",
                "lastTimeIso": "2016-08-24T22:57:43Z",
                "firstTimeIso": "2016-08-11T02:04:29Z",
                "recentTimeIso": "2016-08-24T22:57:43Z"
              },
              {
                "host": "suricata-ids.waynecorpinc.local",
                "type": "hosts",
                "lastTime": "1472063263",
                "firstTime": "1470864649",
                "recentTime": "1472063263",
                "totalCount": "125584",
                "lastTimeIso": "2016-08-24T22:57:43Z",
                "firstTimeIso": "2016-08-11T02:00:49Z",
                "recentTimeIso": "2016-08-24T22:57:43Z"
              },
              {
                "host": "we1149srv",
                "type": "hosts",
                "lastTime": "1472063250",
                "firstTime": "1470863415",
                "recentTime": "1472063251",
                "totalCount": "121348",
                "lastTimeIso": "2016-08-24T22:57:30Z",
                "firstTimeIso": "2016-08-11T01:40:15Z",
                "recentTimeIso": "2016-08-24T22:57:31Z"
              },
              {
                "host": "we8105desk",
                "type": "hosts",
                "lastTime": "1472063262",
                "firstTime": "1470799731",
                "recentTime": "1472063262",
                "totalCount": "244009",
                "lastTimeIso": "2016-08-24T22:57:42Z",
                "firstTimeIso": "2016-08-10T07:58:51Z",
                "recentTimeIso": "2016-08-24T22:57:42Z"
              },
              {
                "host": "we9041srv",
                "type": "hosts",
                "lastTime": "1472063256",
                "firstTime": "1470863416",
                "recentTime": "1472063257",
                "totalCount": "90300",
                "lastTimeIso": "2016-08-24T22:57:36Z",
                "firstTimeIso": "2016-08-11T01:40:16Z",
                "recentTimeIso": "2016-08-24T22:57:37Z"
              }
            ],
            "truncated": false,
            "total_rows": 7
          }
        },
        "tools_called": [
          "splunk_get_info",
          "splunk_get_indexes",
          "splunk_get_metadata:hosts",
          "splunk_get_metadata:sources",
          "splunk_get_metadata:sourcetypes"
        ],
        "instance_info": {
          "results": [
            {
              "build": "c892b66d163d",
              "os_name": "Linux",
              "version": "10.2.1",
              "cpu_arch": "x86_64",
              "serverName": "linux-01",
              "health_info": "red",
              "licenseState": "OK",
              "server_roles": [
                "indexer",
                "license_master",
                "license_manager",
                "deployment_server",
                "kv_store"
              ],
              "kvStoreStatus": "ready",
              "numberOfCores": "48",
              "physicalMemoryMB": "64257"
            }
          ],
          "truncated": false,
          "total_rows": 1
        },
        "metadata_hosts": [],
        "metadata_sources": [],
        "correlation_query": null,
        "correlation_summary": null,
        "metadata_sourcetypes": []
      },
      "search_name": "Suspicious Process - osk.exe Sysmon EID 1 (botsv1)",
      "analysis_input": {
        "row_index": 0,
        "alert_fields": {
          "tag": [
            "endpoint",
            "process",
            "sysmon"
          ],
          "User": "NT AUTHORITY\\SYSTEM",
          "host": "we8105desk",
          "user": "SYSTEM",
          "Image": "C:\\Windows\\System32\\osk.exe",
          "_time": "2018-08-20T21:09:41.000-07:00",
          "index": "botsv1",
          "domain": "pastebin.com",
          "source": "WinEventLog:Microsoft-Windows-Sysmon/Operational",
          "Computer": "we8105desk",
          "severity": "high",
